[2021-05-08 18:20:20] local.ERROR: Call to undefined method App\Models\User::table() {"exception":"[object] (BadMethodCallException(code: 0): Call to undefined method App\\Models\\User::table() at D:\\KULIAH\\- SEMESTER 6\\- PENGEMBANGAN APLIKASI MOBILE\\TUBES\\backend\\lumenapi2\\vendor\\illuminate\\support\\Traits\\ForwardsCalls.php:50)
[stacktrace]
#0 D:\\KULIAH\\- SEMESTER 6\\- PENGEMBANGAN APLIKASI MOBILE\\TUBES\\backend\\lumenapi2\\vendor\\illuminate\\support\\Traits\\ForwardsCalls.php(36): Illuminate\\Database\\Eloquent\\Model::throwBadMethodCallException('table')
#1 D:\\KULIAH\\- SEMESTER 6\\- PENGEMBANGAN APLIKASI MOBILE\\TUBES\\backend\\lumenapi2\\vendor\\illuminate\\database\\Eloquent\\Model.php(1890): Illuminate\\Database\\Eloquent\\Model->forwardCallTo(Object(Illuminate\\Database\\Eloquent\\Builder), 'table', Array)
#2 D:\\KULIAH\\- SEMESTER 6\\- PENGEMBANGAN APLIKASI MOBILE\\TUBES\\backend\\lumenapi2\\vendor\\illuminate\\database\\Eloquent\\Model.php(1902): Illuminate\\Database\\Eloquent\\Model->__call('table', Array)
#3 D:\\KULIAH\\- SEMESTER 6\\- PENGEMBANGAN APLIKASI MOBILE\\TUBES\\backend\\lumenapi2\\database\\seeders\\UserSeeder.php(29): Illuminate\\Database\\Eloquent\\Model::__callStatic('table', Array)
#4 D:\\KULIAH\\- SEMESTER 6\\- PENGEMBANGAN APLIKASI MOBILE\\TUBES\\backend\\lumenapi2\\vendor\\illuminate\\container\\BoundMethod.php(36): Database\\Seeders\\UserSeeder->run()
#5 D:\\KULIAH\\- SEMESTER 6\\- PENGEMBANGAN APLIKASI MOBILE\\TUBES\\backend\\lumenapi2\\vendor\\illuminate\\container\\Util.php(40): Illuminate\\Container\\BoundMethod::Illuminate\\Container\\{closure}()
#6 D:\\KULIAH\\- SEMESTER 6\\- PENGEMBANGAN APLIKASI MOBILE\\TUBES\\backend\\lumenapi2\\vendor\\illuminate\\container\\BoundMethod.php(93): Illuminate\\Container\\Util::unwrapIfClosure(Object(Closure))
#7 D:\\KULIAH\\- SEMESTER 6\\- PENGEMBANGAN APLIKASI MOBILE\\TUBES\\backend\\lumenapi2\\vendor\\illuminate\\container\\BoundMethod.php(37): Illuminate\\Container\\BoundMethod::callBoundMethod(Object(Laravel\\Lumen\\Application), Array, Object(Closure))
#8 D:\\KULIAH\\- SEMESTER 6\\- PENGEMBANGAN APLIKASI MOBILE\\TUBES\\backend\\lumenapi2\\vendor\\illuminate\\container\\Container.php(611): Illuminate\\Container\\BoundMethod::call(Object(Laravel\\Lumen\\Application), Array, Array, NULL)
#9 D:\\KULIAH\\- SEMESTER 6\\- PENGEMBANGAN APLIKASI MOBILE\\TUBES\\backend\\lumenapi2\\vendor\\illuminate\\database\\Seeder.php(149): Illuminate\\Container\\Container->call(Array, Array)
#10 D:\\KULIAH\\- SEMESTER 6\\- PENGEMBANGAN APLIKASI MOBILE\\TUBES\\backend\\lumenapi2\\vendor\\illuminate\\database\\Seeder.php(49): Illuminate\\Database\\Seeder->__invoke(Array)
#11 D:\\KULIAH\\- SEMESTER 6\\- PENGEMBANGAN APLIKASI MOBILE\\TUBES\\backend\\lumenapi2\\database\\seeders\\DatabaseSeeder.php(17): Illuminate\\Database\\Seeder->call('Database\\\\Seeder...')
#12 D:\\KULIAH\\- SEMESTER 6\\- PENGEMBANGAN APLIKASI MOBILE\\TUBES\\backend\\lumenapi2\\vendor\\illuminate\\container\\BoundMethod.php(36): Database\\Seeders\\DatabaseSeeder->run()
#13 D:\\KULIAH\\- SEMESTER 6\\- PENGEMBANGAN APLIKASI MOBILE\\TUBES\\backend\\lumenapi2\\vendor\\illuminate\\container\\Util.php(40): Illuminate\\Container\\BoundMethod::Illuminate\\Container\\{closure}()
#14 D:\\KULIAH\\- SEMESTER 6\\- PENGEMBANGAN APLIKASI MOBILE\\TUBES\\backend\\lumenapi2\\vendor\\illuminate\\container\\BoundMethod.php(93): Illuminate\\Container\\Util::unwrapIfClosure(Object(Closure))
#15 D:\\KULIAH\\- SEMESTER 6\\- PENGEMBANGAN APLIKASI MOBILE\\TUBES\\backend\\lumenapi2\\vendor\\illuminate\\container\\BoundMethod.php(37): Illuminate\\Container\\BoundMethod::callBoundMethod(Object(Laravel\\Lumen\\Application), Array, Object(Closure))
#16 D:\\KULIAH\\- SEMESTER 6\\- PENGEMBANGAN APLIKASI MOBILE\\TUBES\\backend\\lumenapi2\\vendor\\illuminate\\container\\Container.php(611): Illuminate\\Container\\BoundMethod::call(Object(Laravel\\Lumen\\Application), Array, Array, NULL)
#17 D:\\KULIAH\\- SEMESTER 6\\- PENGEMBANGAN APLIKASI MOBILE\\TUBES\\backend\\lumenapi2\\vendor\\illuminate\\database\\Seeder.php(149): Illuminate\\Container\\Container->call(Array, Array)
#18 D:\\KULIAH\\- SEMESTER 6\\- PENGEMBANGAN APLIKASI MOBILE\\TUBES\\backend\\lumenapi2\\vendor\\illuminate\\database\\Console\\Seeds\\SeedCommand.php(66): Illuminate\\Database\\Seeder->__invoke()
#19 D:\\KULIAH\\- SEMESTER 6\\- PENGEMBANGAN APLIKASI MOBILE\\TUBES\\backend\\lumenapi2\\vendor\\illuminate\\database\\Eloquent\\Concerns\\GuardsAttributes.php(157): Illuminate\\Database\\Console\\Seeds\\SeedCommand->Illuminate\\Database\\Console\\Seeds\\{closure}()
#20 D:\\KULIAH\\- SEMESTER 6\\- PENGEMBANGAN APLIKASI MOBILE\\TUBES\\backend\\lumenapi2\\vendor\\illuminate\\database\\Console\\Seeds\\SeedCommand.php(67): Illuminate\\Database\\Eloquent\\Model::unguarded(Object(Closure))
#21 D:\\KULIAH\\- SEMESTER 6\\- PENGEMBANGAN APLIKASI MOBILE\\TUBES\\backend\\lumenapi2\\vendor\\illuminate\\container\\BoundMethod.php(36): Illuminate\\Database\\Console\\Seeds\\SeedCommand->handle()
#22 D:\\KULIAH\\- SEMESTER 6\\- PENGEMBANGAN APLIKASI MOBILE\\TUBES\\backend\\lumenapi2\\vendor\\illuminate\\container\\Util.php(40): Illuminate\\Container\\BoundMethod::Illuminate\\Container\\{closure}()
#23 D:\\KULIAH\\- SEMESTER 6\\- PENGEMBANGAN APLIKASI MOBILE\\TUBES\\backend\\lumenapi2\\vendor\\illuminate\\container\\BoundMethod.php(93): Illuminate\\Container\\Util::unwrapIfClosure(Object(Closure))
#24 D:\\KULIAH\\- SEMESTER 6\\- PENGEMBANGAN APLIKASI MOBILE\\TUBES\\backend\\lumenapi2\\vendor\\illuminate\\container\\BoundMethod.php(37): Illuminate\\Container\\BoundMethod::callBoundMethod(Object(Laravel\\Lumen\\Application), Array, Object(Closure))
#25 D:\\KULIAH\\- SEMESTER 6\\- PENGEMBANGAN APLIKASI MOBILE\\TUBES\\backend\\lumenapi2\\vendor\\illuminate\\container\\Container.php(611): Illuminate\\Container\\BoundMethod::call(Object(Laravel\\Lumen\\Application), Array, Array, NULL)
#26 D:\\KULIAH\\- SEMESTER 6\\- PENGEMBANGAN APLIKASI MOBILE\\TUBES\\backend\\lumenapi2\\vendor\\illuminate\\console\\Command.php(136): Illuminate\\Container\\Container->call(Array)
#27 D:\\KULIAH\\- SEMESTER 6\\- PENGEMBANGAN APLIKASI MOBILE\\TUBES\\backend\\lumenapi2\\vendor\\symfony\\console\\Command\\Command.php(256): Illuminate\\Console\\Command->execute(Object(Symfony\\Component\\Console\\Input\\ArrayInput), Object(Illuminate\\Console\\OutputStyle))
#28 D:\\KULIAH\\- SEMESTER 6\\- PENGEMBANGAN APLIKASI MOBILE\\TUBES\\backend\\lumenapi2\\vendor\\illuminate\\console\\Command.php(121): Symfony\\Component\\Console\\Command\\Command->run(Object(Symfony\\Component\\Console\\Input\\ArrayInput), Object(Illuminate\\Console\\OutputStyle))
#29 D:\\KULIAH\\- SEMESTER 6\\- PENGEMBANGAN APLIKASI MOBILE\\TUBES\\backend\\lumenapi2\\vendor\\illuminate\\console\\Concerns\\CallsCommands.php(68): Illuminate\\Console\\Command->run(Object(Symfony\\Component\\Console\\Input\\ArrayInput), Object(Illuminate\\Console\\OutputStyle))
#30 D:\\KULIAH\\- SEMESTER 6\\- PENGEMBANGAN APLIKASI MOBILE\\TUBES\\backend\\lumenapi2\\vendor\\illuminate\\console\\Concerns\\CallsCommands.php(28): Illuminate\\Console\\Command->runCommand('db:seed', Array, Object(Illuminate\\Console\\OutputStyle))
#31 D:\\KULIAH\\- SEMESTER 6\\- PENGEMBANGAN APLIKASI MOBILE\\TUBES\\backend\\lumenapi2\\vendor\\illuminate\\database\\Console\\Migrations\\MigrateCommand.php(92): Illuminate\\Console\\Command->call('db:seed', Array)
#32 D:\\KULIAH\\- SEMESTER 6\\- PENGEMBANGAN APLIKASI MOBILE\\TUBES\\backend\\lumenapi2\\vendor\\illuminate\\database\\Migrations\\Migrator.php(576): Illuminate\\Database\\Console\\Migrations\\MigrateCommand->Illuminate\\Database\\Console\\Migrations\\{closure}()
#33 D:\\KULIAH\\- SEMESTER 6\\- PENGEMBANGAN APLIKASI MOBILE\\TUBES\\backend\\lumenapi2\\vendor\\illuminate\\database\\Console\\Migrations\\MigrateCommand.php(94): Illuminate\\Database\\Migrations\\Migrator->usingConnection(NULL, Object(Closure))
#34 D:\\KULIAH\\- SEMESTER 6\\- PENGEMBANGAN APLIKASI MOBILE\\TUBES\\backend\\lumenapi2\\vendor\\illuminate\\container\\BoundMethod.php(36): Illuminate\\Database\\Console\\Migrations\\MigrateCommand->handle()
#35 D:\\KULIAH\\- SEMESTER 6\\- PENGEMBANGAN APLIKASI MOBILE\\TUBES\\backend\\lumenapi2\\vendor\\illuminate\\container\\Util.php(40): Illuminate\\Container\\BoundMethod::Illuminate\\Container\\{closure}()
#36 D:\\KULIAH\\- SEMESTER 6\\- PENGEMBANGAN APLIKASI MOBILE\\TUBES\\backend\\lumenapi2\\vendor\\illuminate\\container\\BoundMethod.php(93): Illuminate\\Container\\Util::unwrapIfClosure(Object(Closure))
#37 D:\\KULIAH\\- SEMESTER 6\\- PENGEMBANGAN APLIKASI MOBILE\\TUBES\\backend\\lumenapi2\\vendor\\illuminate\\container\\BoundMethod.php(37): Illuminate\\Container\\BoundMethod::callBoundMethod(Object(Laravel\\Lumen\\Application), Array, Object(Closure))
#38 D:\\KULIAH\\- SEMESTER 6\\- PENGEMBANGAN APLIKASI MOBILE\\TUBES\\backend\\lumenapi2\\vendor\\illuminate\\container\\Container.php(611): Illuminate\\Container\\BoundMethod::call(Object(Laravel\\Lumen\\Application), Array, Array, NULL)
#39 D:\\KULIAH\\- SEMESTER 6\\- PENGEMBANGAN APLIKASI MOBILE\\TUBES\\backend\\lumenapi2\\vendor\\illuminate\\console\\Command.php(136): Illuminate\\Container\\Container->call(Array)
#40 D:\\KULIAH\\- SEMESTER 6\\- PENGEMBANGAN APLIKASI MOBILE\\TUBES\\backend\\lumenapi2\\vendor\\symfony\\console\\Command\\Command.php(256): Illuminate\\Console\\Command->execute(Object(Symfony\\Component\\Console\\Input\\ArgvInput), Object(Illuminate\\Console\\OutputStyle))
#41 D:\\KULIAH\\- SEMESTER 6\\- PENGEMBANGAN APLIKASI MOBILE\\TUBES\\backend\\lumenapi2\\vendor\\illuminate\\console\\Command.php(121): Symfony\\Component\\Console\\Command\\Command->run(Object(Symfony\\Component\\Console\\Input\\ArgvInput), Object(Illuminate\\Console\\OutputStyle))
#42 D:\\KULIAH\\- SEMESTER 6\\- PENGEMBANGAN APLIKASI MOBILE\\TUBES\\backend\\lumenapi2\\vendor\\symfony\\console\\Application.php(971): Illuminate\\Console\\Command->run(Object(Symfony\\Component\\Console\\Input\\ArgvInput), Object(Symfony\\Component\\Console\\Output\\ConsoleOutput))
#43 D:\\KULIAH\\- SEMESTER 6\\- PENGEMBANGAN APLIKASI MOBILE\\TUBES\\backend\\lumenapi2\\vendor\\symfony\\console\\Application.php(290): Symfony\\Component\\Console\\Application->doRunCommand(Object(Illuminate\\Database\\Console\\Migrations\\MigrateCommand), Object(Symfony\\Component\\Console\\Input\\ArgvInput), Object(Symfony\\Component\\Console\\Output\\ConsoleOutput))
#44 D:\\KULIAH\\- SEMESTER 6\\- PENGEMBANGAN APLIKASI MOBILE\\TUBES\\backend\\lumenapi2\\vendor\\symfony\\console\\Application.php(166): Symfony\\Component\\Console\\Application->doRun(Object(Symfony\\Component\\Console\\Input\\ArgvInput), Object(Symfony\\Component\\Console\\Output\\ConsoleOutput))
#45 D:\\KULIAH\\- SEMESTER 6\\- PENGEMBANGAN APLIKASI MOBILE\\TUBES\\backend\\lumenapi2\\vendor\\illuminate\\console\\Application.php(92): Symfony\\Component\\Console\\Application->run(Object(Symfony\\Component\\Console\\Input\\ArgvInput), Object(Symfony\\Component\\Console\\Output\\ConsoleOutput))
#46 D:\\KULIAH\\- SEMESTER 6\\- PENGEMBANGAN APLIKASI MOBILE\\TUBES\\backend\\lumenapi2\\vendor\\laravel\\lumen-framework\\src\\Console\\Kernel.php(116): Illuminate\\Console\\Application->run(Object(Symfony\\Component\\Console\\Input\\ArgvInput), Object(Symfony\\Component\\Console\\Output\\ConsoleOutput))
#47 D:\\KULIAH\\- SEMESTER 6\\- PENGEMBANGAN APLIKASI MOBILE\\TUBES\\backend\\lumenapi2\\artisan(35): Laravel\\Lumen\\Console\\Kernel->handle(Object(Symfony\\Component\\Console\\Input\\ArgvInput), Object(Symfony\\Component\\Console\\Output\\ConsoleOutput))
#48 {main}
"} 
