[2021-05-13 16:22:15] local.ERROR: SQLSTATE[HY000]: General error: 1005 Can't create table `tubes_pam_rev`.`buang_sampahs` (errno: 150 "Foreign key constraint is incorrectly formed") (SQL: alter table `buang_sampahs` add constraint `buang_sampahs_user_id_foreign` foreign key (`user_id`) references `users` (`id`) on delete cascade on update cascade) {"exception":"[object] (Illuminate\\Database\\QueryException(code: HY000): SQLSTATE[HY000]: General error: 1005 Can't create table `tubes_pam_rev`.`buang_sampahs` (errno: 150 \"Foreign key constraint is incorrectly formed\") (SQL: alter table `buang_sampahs` add constraint `buang_sampahs_user_id_foreign` foreign key (`user_id`) references `users` (`id`) on delete cascade on update cascade) at D:\\KULIAH\\- SEMESTER 6\\- PENGEMBANGAN APLIKASI MOBILE\\TUBES\\backend\\lumenapi2\\vendor\\illuminate\\database\\Connection.php:678)
[stacktrace]
#0 D:\\KULIAH\\- SEMESTER 6\\- PENGEMBANGAN APLIKASI MOBILE\\TUBES\\backend\\lumenapi2\\vendor\\illuminate\\database\\Connection.php(638): Illuminate\\Database\\Connection->runQueryCallback('alter table `bu...', Array, Object(Closure))
#1 D:\\KULIAH\\- SEMESTER 6\\- PENGEMBANGAN APLIKASI MOBILE\\TUBES\\backend\\lumenapi2\\vendor\\illuminate\\database\\Connection.php(472): Illuminate\\Database\\Connection->run('alter table `bu...', Array, Object(Closure))
#2 D:\\KULIAH\\- SEMESTER 6\\- PENGEMBANGAN APLIKASI MOBILE\\TUBES\\backend\\lumenapi2\\vendor\\illuminate\\database\\Schema\\Blueprint.php(109): Illuminate\\Database\\Connection->statement('alter table `bu...')
#3 D:\\KULIAH\\- SEMESTER 6\\- PENGEMBANGAN APLIKASI MOBILE\\TUBES\\backend\\lumenapi2\\vendor\\illuminate\\database\\Schema\\Builder.php(359): Illuminate\\Database\\Schema\\Blueprint->build(Object(Illuminate\\Database\\MySqlConnection), Object(Illuminate\\Database\\Schema\\Grammars\\MySqlGrammar))
#4 D:\\KULIAH\\- SEMESTER 6\\- PENGEMBANGAN APLIKASI MOBILE\\TUBES\\backend\\lumenapi2\\vendor\\illuminate\\database\\Schema\\Builder.php(222): Illuminate\\Database\\Schema\\Builder->build(Object(Illuminate\\Database\\Schema\\Blueprint))
#5 D:\\KULIAH\\- SEMESTER 6\\- PENGEMBANGAN APLIKASI MOBILE\\TUBES\\backend\\lumenapi2\\vendor\\illuminate\\support\\Facades\\Facade.php(261): Illuminate\\Database\\Schema\\Builder->create('buang_sampahs', Object(Closure))
#6 D:\\KULIAH\\- SEMESTER 6\\- PENGEMBANGAN APLIKASI MOBILE\\TUBES\\backend\\lumenapi2\\database\\migrations\\2021_05_07_125800_create_buang_sampahs_table.php(24): Illuminate\\Support\\Facades\\Facade::__callStatic('create', Array)
#7 D:\\KULIAH\\- SEMESTER 6\\- PENGEMBANGAN APLIKASI MOBILE\\TUBES\\backend\\lumenapi2\\vendor\\illuminate\\database\\Migrations\\Migrator.php(393): CreateBuangSampahsTable->up()
#8 D:\\KULIAH\\- SEMESTER 6\\- PENGEMBANGAN APLIKASI MOBILE\\TUBES\\backend\\lumenapi2\\vendor\\illuminate\\database\\Migrations\\Migrator.php(402): Illuminate\\Database\\Migrations\\Migrator->Illuminate\\Database\\Migrations\\{closure}()
#9 D:\\KULIAH\\- SEMESTER 6\\- PENGEMBANGAN APLIKASI MOBILE\\TUBES\\backend\\lumenapi2\\vendor\\illuminate\\database\\Migrations\\Migrator.php(201): Illuminate\\Database\\Migrations\\Migrator->runMigration(Object(CreateBuangSampahsTable), 'up')
#10 D:\\KULIAH\\- SEMESTER 6\\- PENGEMBANGAN APLIKASI MOBILE\\TUBES\\backend\\lumenapi2\\vendor\\illuminate\\database\\Migrations\\Migrator.php(166): Illuminate\\Database\\Migrations\\Migrator->runUp('D:\\\\KULIAH\\\\- SEM...', 1, false)
#11 D:\\KULIAH\\- SEMESTER 6\\- PENGEMBANGAN APLIKASI MOBILE\\TUBES\\backend\\lumenapi2\\vendor\\illuminate\\database\\Migrations\\Migrator.php(111): Illuminate\\Database\\Migrations\\Migrator->runPending(Array, Array)
#12 D:\\KULIAH\\- SEMESTER 6\\- PENGEMBANGAN APLIKASI MOBILE\\TUBES\\backend\\lumenapi2\\vendor\\illuminate\\database\\Console\\Migrations\\MigrateCommand.php(85): Illuminate\\Database\\Migrations\\Migrator->run(Array, Array)
#13 D:\\KULIAH\\- SEMESTER 6\\- PENGEMBANGAN APLIKASI MOBILE\\TUBES\\backend\\lumenapi2\\vendor\\illuminate\\database\\Migrations\\Migrator.php(576): Illuminate\\Database\\Console\\Migrations\\MigrateCommand->Illuminate\\Database\\Console\\Migrations\\{closure}()
#14 D:\\KULIAH\\- SEMESTER 6\\- PENGEMBANGAN APLIKASI MOBILE\\TUBES\\backend\\lumenapi2\\vendor\\illuminate\\database\\Console\\Migrations\\MigrateCommand.php(94): Illuminate\\Database\\Migrations\\Migrator->usingConnection(NULL, Object(Closure))
#15 D:\\KULIAH\\- SEMESTER 6\\- PENGEMBANGAN APLIKASI MOBILE\\TUBES\\backend\\lumenapi2\\vendor\\illuminate\\container\\BoundMethod.php(36): Illuminate\\Database\\Console\\Migrations\\MigrateCommand->handle()
#16 D:\\KULIAH\\- SEMESTER 6\\- PENGEMBANGAN APLIKASI MOBILE\\TUBES\\backend\\lumenapi2\\vendor\\illuminate\\container\\Util.php(40): Illuminate\\Container\\BoundMethod::Illuminate\\Container\\{closure}()
#17 D:\\KULIAH\\- SEMESTER 6\\- PENGEMBANGAN APLIKASI MOBILE\\TUBES\\backend\\lumenapi2\\vendor\\illuminate\\container\\BoundMethod.php(93): Illuminate\\Container\\Util::unwrapIfClosure(Object(Closure))
#18 D:\\KULIAH\\- SEMESTER 6\\- PENGEMBANGAN APLIKASI MOBILE\\TUBES\\backend\\lumenapi2\\vendor\\illuminate\\container\\BoundMethod.php(37): Illuminate\\Container\\BoundMethod::callBoundMethod(Object(Laravel\\Lumen\\Application), Array, Object(Closure))
#19 D:\\KULIAH\\- SEMESTER 6\\- PENGEMBANGAN APLIKASI MOBILE\\TUBES\\backend\\lumenapi2\\vendor\\illuminate\\container\\Container.php(611): Illuminate\\Container\\BoundMethod::call(Object(Laravel\\Lumen\\Application), Array, Array, NULL)
#20 D:\\KULIAH\\- SEMESTER 6\\- PENGEMBANGAN APLIKASI MOBILE\\TUBES\\backend\\lumenapi2\\vendor\\illuminate\\console\\Command.php(136): Illuminate\\Container\\Container->call(Array)
#21 D:\\KULIAH\\- SEMESTER 6\\- PENGEMBANGAN APLIKASI MOBILE\\TUBES\\backend\\lumenapi2\\vendor\\symfony\\console\\Command\\Command.php(256): Illuminate\\Console\\Command->execute(Object(Symfony\\Component\\Console\\Input\\ArgvInput), Object(Illuminate\\Console\\OutputStyle))
#22 D:\\KULIAH\\- SEMESTER 6\\- PENGEMBANGAN APLIKASI MOBILE\\TUBES\\backend\\lumenapi2\\vendor\\illuminate\\console\\Command.php(121): Symfony\\Component\\Console\\Command\\Command->run(Object(Symfony\\Component\\Console\\Input\\ArgvInput), Object(Illuminate\\Console\\OutputStyle))
#23 D:\\KULIAH\\- SEMESTER 6\\- PENGEMBANGAN APLIKASI MOBILE\\TUBES\\backend\\lumenapi2\\vendor\\symfony\\console\\Application.php(971): Illuminate\\Console\\Command->run(Object(Symfony\\Component\\Console\\Input\\ArgvInput), Object(Symfony\\Component\\Console\\Output\\ConsoleOutput))
#24 D:\\KULIAH\\- SEMESTER 6\\- PENGEMBANGAN APLIKASI MOBILE\\TUBES\\backend\\lumenapi2\\vendor\\symfony\\console\\Application.php(290): Symfony\\Component\\Console\\Application->doRunCommand(Object(Illuminate\\Database\\Console\\Migrations\\MigrateCommand), Object(Symfony\\Component\\Console\\Input\\ArgvInput), Object(Symfony\\Component\\Console\\Output\\ConsoleOutput))
#25 D:\\KULIAH\\- SEMESTER 6\\- PENGEMBANGAN APLIKASI MOBILE\\TUBES\\backend\\lumenapi2\\vendor\\symfony\\console\\Application.php(166): Symfony\\Component\\Console\\Application->doRun(Object(Symfony\\Component\\Console\\Input\\ArgvInput), Object(Symfony\\Component\\Console\\Output\\ConsoleOutput))
#26 D:\\KULIAH\\- SEMESTER 6\\- PENGEMBANGAN APLIKASI MOBILE\\TUBES\\backend\\lumenapi2\\vendor\\illuminate\\console\\Application.php(92): Symfony\\Component\\Console\\Application->run(Object(Symfony\\Component\\Console\\Input\\ArgvInput), Object(Symfony\\Component\\Console\\Output\\ConsoleOutput))
#27 D:\\KULIAH\\- SEMESTER 6\\- PENGEMBANGAN APLIKASI MOBILE\\TUBES\\backend\\lumenapi2\\vendor\\laravel\\lumen-framework\\src\\Console\\Kernel.php(116): Illuminate\\Console\\Application->run(Object(Symfony\\Component\\Console\\Input\\ArgvInput), Object(Symfony\\Component\\Console\\Output\\ConsoleOutput))
#28 D:\\KULIAH\\- SEMESTER 6\\- PENGEMBANGAN APLIKASI MOBILE\\TUBES\\backend\\lumenapi2\\artisan(35): Laravel\\Lumen\\Console\\Kernel->handle(Object(Symfony\\Component\\Console\\Input\\ArgvInput), Object(Symfony\\Component\\Console\\Output\\ConsoleOutput))
#29 {main}

[previous exception] [object] (PDOException(code: HY000): SQLSTATE[HY000]: General error: 1005 Can't create table `tubes_pam_rev`.`buang_sampahs` (errno: 150 \"Foreign key constraint is incorrectly formed\") at D:\\KULIAH\\- SEMESTER 6\\- PENGEMBANGAN APLIKASI MOBILE\\TUBES\\backend\\lumenapi2\\vendor\\illuminate\\database\\Connection.php:471)
[stacktrace]
#0 D:\\KULIAH\\- SEMESTER 6\\- PENGEMBANGAN APLIKASI MOBILE\\TUBES\\backend\\lumenapi2\\vendor\\illuminate\\database\\Connection.php(471): PDOStatement->execute()
#1 D:\\KULIAH\\- SEMESTER 6\\- PENGEMBANGAN APLIKASI MOBILE\\TUBES\\backend\\lumenapi2\\vendor\\illuminate\\database\\Connection.php(671): Illuminate\\Database\\Connection->Illuminate\\Database\\{closure}('alter table `bu...', Array)
#2 D:\\KULIAH\\- SEMESTER 6\\- PENGEMBANGAN APLIKASI MOBILE\\TUBES\\backend\\lumenapi2\\vendor\\illuminate\\database\\Connection.php(638): Illuminate\\Database\\Connection->runQueryCallback('alter table `bu...', Array, Object(Closure))
#3 D:\\KULIAH\\- SEMESTER 6\\- PENGEMBANGAN APLIKASI MOBILE\\TUBES\\backend\\lumenapi2\\vendor\\illuminate\\database\\Connection.php(472): Illuminate\\Database\\Connection->run('alter table `bu...', Array, Object(Closure))
#4 D:\\KULIAH\\- SEMESTER 6\\- PENGEMBANGAN APLIKASI MOBILE\\TUBES\\backend\\lumenapi2\\vendor\\illuminate\\database\\Schema\\Blueprint.php(109): Illuminate\\Database\\Connection->statement('alter table `bu...')
#5 D:\\KULIAH\\- SEMESTER 6\\- PENGEMBANGAN APLIKASI MOBILE\\TUBES\\backend\\lumenapi2\\vendor\\illuminate\\database\\Schema\\Builder.php(359): Illuminate\\Database\\Schema\\Blueprint->build(Object(Illuminate\\Database\\MySqlConnection), Object(Illuminate\\Database\\Schema\\Grammars\\MySqlGrammar))
#6 D:\\KULIAH\\- SEMESTER 6\\- PENGEMBANGAN APLIKASI MOBILE\\TUBES\\backend\\lumenapi2\\vendor\\illuminate\\database\\Schema\\Builder.php(222): Illuminate\\Database\\Schema\\Builder->build(Object(Illuminate\\Database\\Schema\\Blueprint))
#7 D:\\KULIAH\\- SEMESTER 6\\- PENGEMBANGAN APLIKASI MOBILE\\TUBES\\backend\\lumenapi2\\vendor\\illuminate\\support\\Facades\\Facade.php(261): Illuminate\\Database\\Schema\\Builder->create('buang_sampahs', Object(Closure))
#8 D:\\KULIAH\\- SEMESTER 6\\- PENGEMBANGAN APLIKASI MOBILE\\TUBES\\backend\\lumenapi2\\database\\migrations\\2021_05_07_125800_create_buang_sampahs_table.php(24): Illuminate\\Support\\Facades\\Facade::__callStatic('create', Array)
#9 D:\\KULIAH\\- SEMESTER 6\\- PENGEMBANGAN APLIKASI MOBILE\\TUBES\\backend\\lumenapi2\\vendor\\illuminate\\database\\Migrations\\Migrator.php(393): CreateBuangSampahsTable->up()
#10 D:\\KULIAH\\- SEMESTER 6\\- PENGEMBANGAN APLIKASI MOBILE\\TUBES\\backend\\lumenapi2\\vendor\\illuminate\\database\\Migrations\\Migrator.php(402): Illuminate\\Database\\Migrations\\Migrator->Illuminate\\Database\\Migrations\\{closure}()
#11 D:\\KULIAH\\- SEMESTER 6\\- PENGEMBANGAN APLIKASI MOBILE\\TUBES\\backend\\lumenapi2\\vendor\\illuminate\\database\\Migrations\\Migrator.php(201): Illuminate\\Database\\Migrations\\Migrator->runMigration(Object(CreateBuangSampahsTable), 'up')
#12 D:\\KULIAH\\- SEMESTER 6\\- PENGEMBANGAN APLIKASI MOBILE\\TUBES\\backend\\lumenapi2\\vendor\\illuminate\\database\\Migrations\\Migrator.php(166): Illuminate\\Database\\Migrations\\Migrator->runUp('D:\\\\KULIAH\\\\- SEM...', 1, false)
#13 D:\\KULIAH\\- SEMESTER 6\\- PENGEMBANGAN APLIKASI MOBILE\\TUBES\\backend\\lumenapi2\\vendor\\illuminate\\database\\Migrations\\Migrator.php(111): Illuminate\\Database\\Migrations\\Migrator->runPending(Array, Array)
#14 D:\\KULIAH\\- SEMESTER 6\\- PENGEMBANGAN APLIKASI MOBILE\\TUBES\\backend\\lumenapi2\\vendor\\illuminate\\database\\Console\\Migrations\\MigrateCommand.php(85): Illuminate\\Database\\Migrations\\Migrator->run(Array, Array)
#15 D:\\KULIAH\\- SEMESTER 6\\- PENGEMBANGAN APLIKASI MOBILE\\TUBES\\backend\\lumenapi2\\vendor\\illuminate\\database\\Migrations\\Migrator.php(576): Illuminate\\Database\\Console\\Migrations\\MigrateCommand->Illuminate\\Database\\Console\\Migrations\\{closure}()
#16 D:\\KULIAH\\- SEMESTER 6\\- PENGEMBANGAN APLIKASI MOBILE\\TUBES\\backend\\lumenapi2\\vendor\\illuminate\\database\\Console\\Migrations\\MigrateCommand.php(94): Illuminate\\Database\\Migrations\\Migrator->usingConnection(NULL, Object(Closure))
#17 D:\\KULIAH\\- SEMESTER 6\\- PENGEMBANGAN APLIKASI MOBILE\\TUBES\\backend\\lumenapi2\\vendor\\illuminate\\container\\BoundMethod.php(36): Illuminate\\Database\\Console\\Migrations\\MigrateCommand->handle()
#18 D:\\KULIAH\\- SEMESTER 6\\- PENGEMBANGAN APLIKASI MOBILE\\TUBES\\backend\\lumenapi2\\vendor\\illuminate\\container\\Util.php(40): Illuminate\\Container\\BoundMethod::Illuminate\\Container\\{closure}()
#19 D:\\KULIAH\\- SEMESTER 6\\- PENGEMBANGAN APLIKASI MOBILE\\TUBES\\backend\\lumenapi2\\vendor\\illuminate\\container\\BoundMethod.php(93): Illuminate\\Container\\Util::unwrapIfClosure(Object(Closure))
#20 D:\\KULIAH\\- SEMESTER 6\\- PENGEMBANGAN APLIKASI MOBILE\\TUBES\\backend\\lumenapi2\\vendor\\illuminate\\container\\BoundMethod.php(37): Illuminate\\Container\\BoundMethod::callBoundMethod(Object(Laravel\\Lumen\\Application), Array, Object(Closure))
#21 D:\\KULIAH\\- SEMESTER 6\\- PENGEMBANGAN APLIKASI MOBILE\\TUBES\\backend\\lumenapi2\\vendor\\illuminate\\container\\Container.php(611): Illuminate\\Container\\BoundMethod::call(Object(Laravel\\Lumen\\Application), Array, Array, NULL)
#22 D:\\KULIAH\\- SEMESTER 6\\- PENGEMBANGAN APLIKASI MOBILE\\TUBES\\backend\\lumenapi2\\vendor\\illuminate\\console\\Command.php(136): Illuminate\\Container\\Container->call(Array)
#23 D:\\KULIAH\\- SEMESTER 6\\- PENGEMBANGAN APLIKASI MOBILE\\TUBES\\backend\\lumenapi2\\vendor\\symfony\\console\\Command\\Command.php(256): Illuminate\\Console\\Command->execute(Object(Symfony\\Component\\Console\\Input\\ArgvInput), Object(Illuminate\\Console\\OutputStyle))
#24 D:\\KULIAH\\- SEMESTER 6\\- PENGEMBANGAN APLIKASI MOBILE\\TUBES\\backend\\lumenapi2\\vendor\\illuminate\\console\\Command.php(121): Symfony\\Component\\Console\\Command\\Command->run(Object(Symfony\\Component\\Console\\Input\\ArgvInput), Object(Illuminate\\Console\\OutputStyle))
#25 D:\\KULIAH\\- SEMESTER 6\\- PENGEMBANGAN APLIKASI MOBILE\\TUBES\\backend\\lumenapi2\\vendor\\symfony\\console\\Application.php(971): Illuminate\\Console\\Command->run(Object(Symfony\\Component\\Console\\Input\\ArgvInput), Object(Symfony\\Component\\Console\\Output\\ConsoleOutput))
#26 D:\\KULIAH\\- SEMESTER 6\\- PENGEMBANGAN APLIKASI MOBILE\\TUBES\\backend\\lumenapi2\\vendor\\symfony\\console\\Application.php(290): Symfony\\Component\\Console\\Application->doRunCommand(Object(Illuminate\\Database\\Console\\Migrations\\MigrateCommand), Object(Symfony\\Component\\Console\\Input\\ArgvInput), Object(Symfony\\Component\\Console\\Output\\ConsoleOutput))
#27 D:\\KULIAH\\- SEMESTER 6\\- PENGEMBANGAN APLIKASI MOBILE\\TUBES\\backend\\lumenapi2\\vendor\\symfony\\console\\Application.php(166): Symfony\\Component\\Console\\Application->doRun(Object(Symfony\\Component\\Console\\Input\\ArgvInput), Object(Symfony\\Component\\Console\\Output\\ConsoleOutput))
#28 D:\\KULIAH\\- SEMESTER 6\\- PENGEMBANGAN APLIKASI MOBILE\\TUBES\\backend\\lumenapi2\\vendor\\illuminate\\console\\Application.php(92): Symfony\\Component\\Console\\Application->run(Object(Symfony\\Component\\Console\\Input\\ArgvInput), Object(Symfony\\Component\\Console\\Output\\ConsoleOutput))
#29 D:\\KULIAH\\- SEMESTER 6\\- PENGEMBANGAN APLIKASI MOBILE\\TUBES\\backend\\lumenapi2\\vendor\\laravel\\lumen-framework\\src\\Console\\Kernel.php(116): Illuminate\\Console\\Application->run(Object(Symfony\\Component\\Console\\Input\\ArgvInput), Object(Symfony\\Component\\Console\\Output\\ConsoleOutput))
#30 D:\\KULIAH\\- SEMESTER 6\\- PENGEMBANGAN APLIKASI MOBILE\\TUBES\\backend\\lumenapi2\\artisan(35): Laravel\\Lumen\\Console\\Kernel->handle(Object(Symfony\\Component\\Console\\Input\\ArgvInput), Object(Symfony\\Component\\Console\\Output\\ConsoleOutput))
#31 {main}
"} 
[2021-05-13 16:36:50] local.ERROR: SQLSTATE[42S01]: Base table or view already exists: 1050 Table 'buang_sampahs' already exists (SQL: create table `buang_sampahs` (`jemput_id` int unsigned not null auto_increment primary key, `waktu_jemput` datetime not null, `lokasi_jemput` varchar(100) not null, `estimasi_berat_sampah` int not null, `kategori_sampah` char(255) not null, `created_at` timestamp null, `updated_at` timestamp null) default character set utf8mb4 collate 'utf8mb4_unicode_ci') {"exception":"[object] (Illuminate\\Database\\QueryException(code: 42S01): SQLSTATE[42S01]: Base table or view already exists: 1050 Table 'buang_sampahs' already exists (SQL: create table `buang_sampahs` (`jemput_id` int unsigned not null auto_increment primary key, `waktu_jemput` datetime not null, `lokasi_jemput` varchar(100) not null, `estimasi_berat_sampah` int not null, `kategori_sampah` char(255) not null, `created_at` timestamp null, `updated_at` timestamp null) default character set utf8mb4 collate 'utf8mb4_unicode_ci') at D:\\KULIAH\\- SEMESTER 6\\- PENGEMBANGAN APLIKASI MOBILE\\TUBES\\backend\\lumenapi2\\vendor\\illuminate\\database\\Connection.php:678)
[stacktrace]
#0 D:\\KULIAH\\- SEMESTER 6\\- PENGEMBANGAN APLIKASI MOBILE\\TUBES\\backend\\lumenapi2\\vendor\\illuminate\\database\\Connection.php(638): Illuminate\\Database\\Connection->runQueryCallback('create table `b...', Array, Object(Closure))
#1 D:\\KULIAH\\- SEMESTER 6\\- PENGEMBANGAN APLIKASI MOBILE\\TUBES\\backend\\lumenapi2\\vendor\\illuminate\\database\\Connection.php(472): Illuminate\\Database\\Connection->run('create table `b...', Array, Object(Closure))
#2 D:\\KULIAH\\- SEMESTER 6\\- PENGEMBANGAN APLIKASI MOBILE\\TUBES\\backend\\lumenapi2\\vendor\\illuminate\\database\\Schema\\Blueprint.php(109): Illuminate\\Database\\Connection->statement('create table `b...')
#3 D:\\KULIAH\\- SEMESTER 6\\- PENGEMBANGAN APLIKASI MOBILE\\TUBES\\backend\\lumenapi2\\vendor\\illuminate\\database\\Schema\\Builder.php(359): Illuminate\\Database\\Schema\\Blueprint->build(Object(Illuminate\\Database\\MySqlConnection), Object(Illuminate\\Database\\Schema\\Grammars\\MySqlGrammar))
#4 D:\\KULIAH\\- SEMESTER 6\\- PENGEMBANGAN APLIKASI MOBILE\\TUBES\\backend\\lumenapi2\\vendor\\illuminate\\database\\Schema\\Builder.php(222): Illuminate\\Database\\Schema\\Builder->build(Object(Illuminate\\Database\\Schema\\Blueprint))
#5 D:\\KULIAH\\- SEMESTER 6\\- PENGEMBANGAN APLIKASI MOBILE\\TUBES\\backend\\lumenapi2\\vendor\\illuminate\\support\\Facades\\Facade.php(261): Illuminate\\Database\\Schema\\Builder->create('buang_sampahs', Object(Closure))
#6 D:\\KULIAH\\- SEMESTER 6\\- PENGEMBANGAN APLIKASI MOBILE\\TUBES\\backend\\lumenapi2\\database\\migrations\\2021_05_07_125800_create_buang_sampahs_table.php(24): Illuminate\\Support\\Facades\\Facade::__callStatic('create', Array)
#7 D:\\KULIAH\\- SEMESTER 6\\- PENGEMBANGAN APLIKASI MOBILE\\TUBES\\backend\\lumenapi2\\vendor\\illuminate\\database\\Migrations\\Migrator.php(393): CreateBuangSampahsTable->up()
#8 D:\\KULIAH\\- SEMESTER 6\\- PENGEMBANGAN APLIKASI MOBILE\\TUBES\\backend\\lumenapi2\\vendor\\illuminate\\database\\Migrations\\Migrator.php(402): Illuminate\\Database\\Migrations\\Migrator->Illuminate\\Database\\Migrations\\{closure}()
#9 D:\\KULIAH\\- SEMESTER 6\\- PENGEMBANGAN APLIKASI MOBILE\\TUBES\\backend\\lumenapi2\\vendor\\illuminate\\database\\Migrations\\Migrator.php(201): Illuminate\\Database\\Migrations\\Migrator->runMigration(Object(CreateBuangSampahsTable), 'up')
#10 D:\\KULIAH\\- SEMESTER 6\\- PENGEMBANGAN APLIKASI MOBILE\\TUBES\\backend\\lumenapi2\\vendor\\illuminate\\database\\Migrations\\Migrator.php(166): Illuminate\\Database\\Migrations\\Migrator->runUp('D:\\\\KULIAH\\\\- SEM...', 1, false)
#11 D:\\KULIAH\\- SEMESTER 6\\- PENGEMBANGAN APLIKASI MOBILE\\TUBES\\backend\\lumenapi2\\vendor\\illuminate\\database\\Migrations\\Migrator.php(111): Illuminate\\Database\\Migrations\\Migrator->runPending(Array, Array)
#12 D:\\KULIAH\\- SEMESTER 6\\- PENGEMBANGAN APLIKASI MOBILE\\TUBES\\backend\\lumenapi2\\vendor\\illuminate\\database\\Console\\Migrations\\MigrateCommand.php(85): Illuminate\\Database\\Migrations\\Migrator->run(Array, Array)
#13 D:\\KULIAH\\- SEMESTER 6\\- PENGEMBANGAN APLIKASI MOBILE\\TUBES\\backend\\lumenapi2\\vendor\\illuminate\\database\\Migrations\\Migrator.php(576): Illuminate\\Database\\Console\\Migrations\\MigrateCommand->Illuminate\\Database\\Console\\Migrations\\{closure}()
#14 D:\\KULIAH\\- SEMESTER 6\\- PENGEMBANGAN APLIKASI MOBILE\\TUBES\\backend\\lumenapi2\\vendor\\illuminate\\database\\Console\\Migrations\\MigrateCommand.php(94): Illuminate\\Database\\Migrations\\Migrator->usingConnection(NULL, Object(Closure))
#15 D:\\KULIAH\\- SEMESTER 6\\- PENGEMBANGAN APLIKASI MOBILE\\TUBES\\backend\\lumenapi2\\vendor\\illuminate\\container\\BoundMethod.php(36): Illuminate\\Database\\Console\\Migrations\\MigrateCommand->handle()
#16 D:\\KULIAH\\- SEMESTER 6\\- PENGEMBANGAN APLIKASI MOBILE\\TUBES\\backend\\lumenapi2\\vendor\\illuminate\\container\\Util.php(40): Illuminate\\Container\\BoundMethod::Illuminate\\Container\\{closure}()
#17 D:\\KULIAH\\- SEMESTER 6\\- PENGEMBANGAN APLIKASI MOBILE\\TUBES\\backend\\lumenapi2\\vendor\\illuminate\\container\\BoundMethod.php(93): Illuminate\\Container\\Util::unwrapIfClosure(Object(Closure))
#18 D:\\KULIAH\\- SEMESTER 6\\- PENGEMBANGAN APLIKASI MOBILE\\TUBES\\backend\\lumenapi2\\vendor\\illuminate\\container\\BoundMethod.php(37): Illuminate\\Container\\BoundMethod::callBoundMethod(Object(Laravel\\Lumen\\Application), Array, Object(Closure))
#19 D:\\KULIAH\\- SEMESTER 6\\- PENGEMBANGAN APLIKASI MOBILE\\TUBES\\backend\\lumenapi2\\vendor\\illuminate\\container\\Container.php(611): Illuminate\\Container\\BoundMethod::call(Object(Laravel\\Lumen\\Application), Array, Array, NULL)
#20 D:\\KULIAH\\- SEMESTER 6\\- PENGEMBANGAN APLIKASI MOBILE\\TUBES\\backend\\lumenapi2\\vendor\\illuminate\\console\\Command.php(136): Illuminate\\Container\\Container->call(Array)
#21 D:\\KULIAH\\- SEMESTER 6\\- PENGEMBANGAN APLIKASI MOBILE\\TUBES\\backend\\lumenapi2\\vendor\\symfony\\console\\Command\\Command.php(256): Illuminate\\Console\\Command->execute(Object(Symfony\\Component\\Console\\Input\\ArgvInput), Object(Illuminate\\Console\\OutputStyle))
#22 D:\\KULIAH\\- SEMESTER 6\\- PENGEMBANGAN APLIKASI MOBILE\\TUBES\\backend\\lumenapi2\\vendor\\illuminate\\console\\Command.php(121): Symfony\\Component\\Console\\Command\\Command->run(Object(Symfony\\Component\\Console\\Input\\ArgvInput), Object(Illuminate\\Console\\OutputStyle))
#23 D:\\KULIAH\\- SEMESTER 6\\- PENGEMBANGAN APLIKASI MOBILE\\TUBES\\backend\\lumenapi2\\vendor\\symfony\\console\\Application.php(971): Illuminate\\Console\\Command->run(Object(Symfony\\Component\\Console\\Input\\ArgvInput), Object(Symfony\\Component\\Console\\Output\\ConsoleOutput))
#24 D:\\KULIAH\\- SEMESTER 6\\- PENGEMBANGAN APLIKASI MOBILE\\TUBES\\backend\\lumenapi2\\vendor\\symfony\\console\\Application.php(290): Symfony\\Component\\Console\\Application->doRunCommand(Object(Illuminate\\Database\\Console\\Migrations\\MigrateCommand), Object(Symfony\\Component\\Console\\Input\\ArgvInput), Object(Symfony\\Component\\Console\\Output\\ConsoleOutput))
#25 D:\\KULIAH\\- SEMESTER 6\\- PENGEMBANGAN APLIKASI MOBILE\\TUBES\\backend\\lumenapi2\\vendor\\symfony\\console\\Application.php(166): Symfony\\Component\\Console\\Application->doRun(Object(Symfony\\Component\\Console\\Input\\ArgvInput), Object(Symfony\\Component\\Console\\Output\\ConsoleOutput))
#26 D:\\KULIAH\\- SEMESTER 6\\- PENGEMBANGAN APLIKASI MOBILE\\TUBES\\backend\\lumenapi2\\vendor\\illuminate\\console\\Application.php(92): Symfony\\Component\\Console\\Application->run(Object(Symfony\\Component\\Console\\Input\\ArgvInput), Object(Symfony\\Component\\Console\\Output\\ConsoleOutput))
#27 D:\\KULIAH\\- SEMESTER 6\\- PENGEMBANGAN APLIKASI MOBILE\\TUBES\\backend\\lumenapi2\\vendor\\laravel\\lumen-framework\\src\\Console\\Kernel.php(116): Illuminate\\Console\\Application->run(Object(Symfony\\Component\\Console\\Input\\ArgvInput), Object(Symfony\\Component\\Console\\Output\\ConsoleOutput))
#28 D:\\KULIAH\\- SEMESTER 6\\- PENGEMBANGAN APLIKASI MOBILE\\TUBES\\backend\\lumenapi2\\artisan(35): Laravel\\Lumen\\Console\\Kernel->handle(Object(Symfony\\Component\\Console\\Input\\ArgvInput), Object(Symfony\\Component\\Console\\Output\\ConsoleOutput))
#29 {main}

[previous exception] [object] (PDOException(code: 42S01): SQLSTATE[42S01]: Base table or view already exists: 1050 Table 'buang_sampahs' already exists at D:\\KULIAH\\- SEMESTER 6\\- PENGEMBANGAN APLIKASI MOBILE\\TUBES\\backend\\lumenapi2\\vendor\\illuminate\\database\\Connection.php:471)
[stacktrace]
#0 D:\\KULIAH\\- SEMESTER 6\\- PENGEMBANGAN APLIKASI MOBILE\\TUBES\\backend\\lumenapi2\\vendor\\illuminate\\database\\Connection.php(471): PDOStatement->execute()
#1 D:\\KULIAH\\- SEMESTER 6\\- PENGEMBANGAN APLIKASI MOBILE\\TUBES\\backend\\lumenapi2\\vendor\\illuminate\\database\\Connection.php(671): Illuminate\\Database\\Connection->Illuminate\\Database\\{closure}('create table `b...', Array)
#2 D:\\KULIAH\\- SEMESTER 6\\- PENGEMBANGAN APLIKASI MOBILE\\TUBES\\backend\\lumenapi2\\vendor\\illuminate\\database\\Connection.php(638): Illuminate\\Database\\Connection->runQueryCallback('create table `b...', Array, Object(Closure))
#3 D:\\KULIAH\\- SEMESTER 6\\- PENGEMBANGAN APLIKASI MOBILE\\TUBES\\backend\\lumenapi2\\vendor\\illuminate\\database\\Connection.php(472): Illuminate\\Database\\Connection->run('create table `b...', Array, Object(Closure))
#4 D:\\KULIAH\\- SEMESTER 6\\- PENGEMBANGAN APLIKASI MOBILE\\TUBES\\backend\\lumenapi2\\vendor\\illuminate\\database\\Schema\\Blueprint.php(109): Illuminate\\Database\\Connection->statement('create table `b...')
#5 D:\\KULIAH\\- SEMESTER 6\\- PENGEMBANGAN APLIKASI MOBILE\\TUBES\\backend\\lumenapi2\\vendor\\illuminate\\database\\Schema\\Builder.php(359): Illuminate\\Database\\Schema\\Blueprint->build(Object(Illuminate\\Database\\MySqlConnection), Object(Illuminate\\Database\\Schema\\Grammars\\MySqlGrammar))
#6 D:\\KULIAH\\- SEMESTER 6\\- PENGEMBANGAN APLIKASI MOBILE\\TUBES\\backend\\lumenapi2\\vendor\\illuminate\\database\\Schema\\Builder.php(222): Illuminate\\Database\\Schema\\Builder->build(Object(Illuminate\\Database\\Schema\\Blueprint))
#7 D:\\KULIAH\\- SEMESTER 6\\- PENGEMBANGAN APLIKASI MOBILE\\TUBES\\backend\\lumenapi2\\vendor\\illuminate\\support\\Facades\\Facade.php(261): Illuminate\\Database\\Schema\\Builder->create('buang_sampahs', Object(Closure))
#8 D:\\KULIAH\\- SEMESTER 6\\- PENGEMBANGAN APLIKASI MOBILE\\TUBES\\backend\\lumenapi2\\database\\migrations\\2021_05_07_125800_create_buang_sampahs_table.php(24): Illuminate\\Support\\Facades\\Facade::__callStatic('create', Array)
#9 D:\\KULIAH\\- SEMESTER 6\\- PENGEMBANGAN APLIKASI MOBILE\\TUBES\\backend\\lumenapi2\\vendor\\illuminate\\database\\Migrations\\Migrator.php(393): CreateBuangSampahsTable->up()
#10 D:\\KULIAH\\- SEMESTER 6\\- PENGEMBANGAN APLIKASI MOBILE\\TUBES\\backend\\lumenapi2\\vendor\\illuminate\\database\\Migrations\\Migrator.php(402): Illuminate\\Database\\Migrations\\Migrator->Illuminate\\Database\\Migrations\\{closure}()
#11 D:\\KULIAH\\- SEMESTER 6\\- PENGEMBANGAN APLIKASI MOBILE\\TUBES\\backend\\lumenapi2\\vendor\\illuminate\\database\\Migrations\\Migrator.php(201): Illuminate\\Database\\Migrations\\Migrator->runMigration(Object(CreateBuangSampahsTable), 'up')
#12 D:\\KULIAH\\- SEMESTER 6\\- PENGEMBANGAN APLIKASI MOBILE\\TUBES\\backend\\lumenapi2\\vendor\\illuminate\\database\\Migrations\\Migrator.php(166): Illuminate\\Database\\Migrations\\Migrator->runUp('D:\\\\KULIAH\\\\- SEM...', 1, false)
#13 D:\\KULIAH\\- SEMESTER 6\\- PENGEMBANGAN APLIKASI MOBILE\\TUBES\\backend\\lumenapi2\\vendor\\illuminate\\database\\Migrations\\Migrator.php(111): Illuminate\\Database\\Migrations\\Migrator->runPending(Array, Array)
#14 D:\\KULIAH\\- SEMESTER 6\\- PENGEMBANGAN APLIKASI MOBILE\\TUBES\\backend\\lumenapi2\\vendor\\illuminate\\database\\Console\\Migrations\\MigrateCommand.php(85): Illuminate\\Database\\Migrations\\Migrator->run(Array, Array)
#15 D:\\KULIAH\\- SEMESTER 6\\- PENGEMBANGAN APLIKASI MOBILE\\TUBES\\backend\\lumenapi2\\vendor\\illuminate\\database\\Migrations\\Migrator.php(576): Illuminate\\Database\\Console\\Migrations\\MigrateCommand->Illuminate\\Database\\Console\\Migrations\\{closure}()
#16 D:\\KULIAH\\- SEMESTER 6\\- PENGEMBANGAN APLIKASI MOBILE\\TUBES\\backend\\lumenapi2\\vendor\\illuminate\\database\\Console\\Migrations\\MigrateCommand.php(94): Illuminate\\Database\\Migrations\\Migrator->usingConnection(NULL, Object(Closure))
#17 D:\\KULIAH\\- SEMESTER 6\\- PENGEMBANGAN APLIKASI MOBILE\\TUBES\\backend\\lumenapi2\\vendor\\illuminate\\container\\BoundMethod.php(36): Illuminate\\Database\\Console\\Migrations\\MigrateCommand->handle()
#18 D:\\KULIAH\\- SEMESTER 6\\- PENGEMBANGAN APLIKASI MOBILE\\TUBES\\backend\\lumenapi2\\vendor\\illuminate\\container\\Util.php(40): Illuminate\\Container\\BoundMethod::Illuminate\\Container\\{closure}()
#19 D:\\KULIAH\\- SEMESTER 6\\- PENGEMBANGAN APLIKASI MOBILE\\TUBES\\backend\\lumenapi2\\vendor\\illuminate\\container\\BoundMethod.php(93): Illuminate\\Container\\Util::unwrapIfClosure(Object(Closure))
#20 D:\\KULIAH\\- SEMESTER 6\\- PENGEMBANGAN APLIKASI MOBILE\\TUBES\\backend\\lumenapi2\\vendor\\illuminate\\container\\BoundMethod.php(37): Illuminate\\Container\\BoundMethod::callBoundMethod(Object(Laravel\\Lumen\\Application), Array, Object(Closure))
#21 D:\\KULIAH\\- SEMESTER 6\\- PENGEMBANGAN APLIKASI MOBILE\\TUBES\\backend\\lumenapi2\\vendor\\illuminate\\container\\Container.php(611): Illuminate\\Container\\BoundMethod::call(Object(Laravel\\Lumen\\Application), Array, Array, NULL)
#22 D:\\KULIAH\\- SEMESTER 6\\- PENGEMBANGAN APLIKASI MOBILE\\TUBES\\backend\\lumenapi2\\vendor\\illuminate\\console\\Command.php(136): Illuminate\\Container\\Container->call(Array)
#23 D:\\KULIAH\\- SEMESTER 6\\- PENGEMBANGAN APLIKASI MOBILE\\TUBES\\backend\\lumenapi2\\vendor\\symfony\\console\\Command\\Command.php(256): Illuminate\\Console\\Command->execute(Object(Symfony\\Component\\Console\\Input\\ArgvInput), Object(Illuminate\\Console\\OutputStyle))
#24 D:\\KULIAH\\- SEMESTER 6\\- PENGEMBANGAN APLIKASI MOBILE\\TUBES\\backend\\lumenapi2\\vendor\\illuminate\\console\\Command.php(121): Symfony\\Component\\Console\\Command\\Command->run(Object(Symfony\\Component\\Console\\Input\\ArgvInput), Object(Illuminate\\Console\\OutputStyle))
#25 D:\\KULIAH\\- SEMESTER 6\\- PENGEMBANGAN APLIKASI MOBILE\\TUBES\\backend\\lumenapi2\\vendor\\symfony\\console\\Application.php(971): Illuminate\\Console\\Command->run(Object(Symfony\\Component\\Console\\Input\\ArgvInput), Object(Symfony\\Component\\Console\\Output\\ConsoleOutput))
#26 D:\\KULIAH\\- SEMESTER 6\\- PENGEMBANGAN APLIKASI MOBILE\\TUBES\\backend\\lumenapi2\\vendor\\symfony\\console\\Application.php(290): Symfony\\Component\\Console\\Application->doRunCommand(Object(Illuminate\\Database\\Console\\Migrations\\MigrateCommand), Object(Symfony\\Component\\Console\\Input\\ArgvInput), Object(Symfony\\Component\\Console\\Output\\ConsoleOutput))
#27 D:\\KULIAH\\- SEMESTER 6\\- PENGEMBANGAN APLIKASI MOBILE\\TUBES\\backend\\lumenapi2\\vendor\\symfony\\console\\Application.php(166): Symfony\\Component\\Console\\Application->doRun(Object(Symfony\\Component\\Console\\Input\\ArgvInput), Object(Symfony\\Component\\Console\\Output\\ConsoleOutput))
#28 D:\\KULIAH\\- SEMESTER 6\\- PENGEMBANGAN APLIKASI MOBILE\\TUBES\\backend\\lumenapi2\\vendor\\illuminate\\console\\Application.php(92): Symfony\\Component\\Console\\Application->run(Object(Symfony\\Component\\Console\\Input\\ArgvInput), Object(Symfony\\Component\\Console\\Output\\ConsoleOutput))
#29 D:\\KULIAH\\- SEMESTER 6\\- PENGEMBANGAN APLIKASI MOBILE\\TUBES\\backend\\lumenapi2\\vendor\\laravel\\lumen-framework\\src\\Console\\Kernel.php(116): Illuminate\\Console\\Application->run(Object(Symfony\\Component\\Console\\Input\\ArgvInput), Object(Symfony\\Component\\Console\\Output\\ConsoleOutput))
#30 D:\\KULIAH\\- SEMESTER 6\\- PENGEMBANGAN APLIKASI MOBILE\\TUBES\\backend\\lumenapi2\\artisan(35): Laravel\\Lumen\\Console\\Kernel->handle(Object(Symfony\\Component\\Console\\Input\\ArgvInput), Object(Symfony\\Component\\Console\\Output\\ConsoleOutput))
#31 {main}
"} 
[2021-05-13 16:39:03] local.ERROR: SQLSTATE[42000]: Syntax error or access violation: 1072 Key column 'user_id' doesn't exist in table (SQL: alter table `buang_sampahs` add constraint `buang_sampahs_user_id_foreign` foreign key (`user_id`) references `users` (`user_id`) on delete cascade on update cascade) {"exception":"[object] (Illuminate\\Database\\QueryException(code: 42000): SQLSTATE[42000]: Syntax error or access violation: 1072 Key column 'user_id' doesn't exist in table (SQL: alter table `buang_sampahs` add constraint `buang_sampahs_user_id_foreign` foreign key (`user_id`) references `users` (`user_id`) on delete cascade on update cascade) at D:\\KULIAH\\- SEMESTER 6\\- PENGEMBANGAN APLIKASI MOBILE\\TUBES\\backend\\lumenapi2\\vendor\\illuminate\\database\\Connection.php:678)
[stacktrace]
#0 D:\\KULIAH\\- SEMESTER 6\\- PENGEMBANGAN APLIKASI MOBILE\\TUBES\\backend\\lumenapi2\\vendor\\illuminate\\database\\Connection.php(638): Illuminate\\Database\\Connection->runQueryCallback('alter table `bu...', Array, Object(Closure))
#1 D:\\KULIAH\\- SEMESTER 6\\- PENGEMBANGAN APLIKASI MOBILE\\TUBES\\backend\\lumenapi2\\vendor\\illuminate\\database\\Connection.php(472): Illuminate\\Database\\Connection->run('alter table `bu...', Array, Object(Closure))
#2 D:\\KULIAH\\- SEMESTER 6\\- PENGEMBANGAN APLIKASI MOBILE\\TUBES\\backend\\lumenapi2\\vendor\\illuminate\\database\\Schema\\Blueprint.php(109): Illuminate\\Database\\Connection->statement('alter table `bu...')
#3 D:\\KULIAH\\- SEMESTER 6\\- PENGEMBANGAN APLIKASI MOBILE\\TUBES\\backend\\lumenapi2\\vendor\\illuminate\\database\\Schema\\Builder.php(359): Illuminate\\Database\\Schema\\Blueprint->build(Object(Illuminate\\Database\\MySqlConnection), Object(Illuminate\\Database\\Schema\\Grammars\\MySqlGrammar))
#4 D:\\KULIAH\\- SEMESTER 6\\- PENGEMBANGAN APLIKASI MOBILE\\TUBES\\backend\\lumenapi2\\vendor\\illuminate\\database\\Schema\\Builder.php(206): Illuminate\\Database\\Schema\\Builder->build(Object(Illuminate\\Database\\Schema\\Blueprint))
#5 D:\\KULIAH\\- SEMESTER 6\\- PENGEMBANGAN APLIKASI MOBILE\\TUBES\\backend\\lumenapi2\\vendor\\illuminate\\support\\Facades\\Facade.php(261): Illuminate\\Database\\Schema\\Builder->table('buang_sampahs', Object(Closure))
#6 D:\\KULIAH\\- SEMESTER 6\\- PENGEMBANGAN APLIKASI MOBILE\\TUBES\\backend\\lumenapi2\\database\\migrations\\2021_05_07_125800_create_buang_sampahs_table.php(29): Illuminate\\Support\\Facades\\Facade::__callStatic('table', Array)
#7 D:\\KULIAH\\- SEMESTER 6\\- PENGEMBANGAN APLIKASI MOBILE\\TUBES\\backend\\lumenapi2\\vendor\\illuminate\\database\\Migrations\\Migrator.php(393): CreateBuangSampahsTable->up()
#8 D:\\KULIAH\\- SEMESTER 6\\- PENGEMBANGAN APLIKASI MOBILE\\TUBES\\backend\\lumenapi2\\vendor\\illuminate\\database\\Migrations\\Migrator.php(402): Illuminate\\Database\\Migrations\\Migrator->Illuminate\\Database\\Migrations\\{closure}()
#9 D:\\KULIAH\\- SEMESTER 6\\- PENGEMBANGAN APLIKASI MOBILE\\TUBES\\backend\\lumenapi2\\vendor\\illuminate\\database\\Migrations\\Migrator.php(201): Illuminate\\Database\\Migrations\\Migrator->runMigration(Object(CreateBuangSampahsTable), 'up')
#10 D:\\KULIAH\\- SEMESTER 6\\- PENGEMBANGAN APLIKASI MOBILE\\TUBES\\backend\\lumenapi2\\vendor\\illuminate\\database\\Migrations\\Migrator.php(166): Illuminate\\Database\\Migrations\\Migrator->runUp('D:\\\\KULIAH\\\\- SEM...', 2, false)
#11 D:\\KULIAH\\- SEMESTER 6\\- PENGEMBANGAN APLIKASI MOBILE\\TUBES\\backend\\lumenapi2\\vendor\\illuminate\\database\\Migrations\\Migrator.php(111): Illuminate\\Database\\Migrations\\Migrator->runPending(Array, Array)
#12 D:\\KULIAH\\- SEMESTER 6\\- PENGEMBANGAN APLIKASI MOBILE\\TUBES\\backend\\lumenapi2\\vendor\\illuminate\\database\\Console\\Migrations\\MigrateCommand.php(85): Illuminate\\Database\\Migrations\\Migrator->run(Array, Array)
#13 D:\\KULIAH\\- SEMESTER 6\\- PENGEMBANGAN APLIKASI MOBILE\\TUBES\\backend\\lumenapi2\\vendor\\illuminate\\database\\Migrations\\Migrator.php(576): Illuminate\\Database\\Console\\Migrations\\MigrateCommand->Illuminate\\Database\\Console\\Migrations\\{closure}()
#14 D:\\KULIAH\\- SEMESTER 6\\- PENGEMBANGAN APLIKASI MOBILE\\TUBES\\backend\\lumenapi2\\vendor\\illuminate\\database\\Console\\Migrations\\MigrateCommand.php(94): Illuminate\\Database\\Migrations\\Migrator->usingConnection(NULL, Object(Closure))
#15 D:\\KULIAH\\- SEMESTER 6\\- PENGEMBANGAN APLIKASI MOBILE\\TUBES\\backend\\lumenapi2\\vendor\\illuminate\\container\\BoundMethod.php(36): Illuminate\\Database\\Console\\Migrations\\MigrateCommand->handle()
#16 D:\\KULIAH\\- SEMESTER 6\\- PENGEMBANGAN APLIKASI MOBILE\\TUBES\\backend\\lumenapi2\\vendor\\illuminate\\container\\Util.php(40): Illuminate\\Container\\BoundMethod::Illuminate\\Container\\{closure}()
#17 D:\\KULIAH\\- SEMESTER 6\\- PENGEMBANGAN APLIKASI MOBILE\\TUBES\\backend\\lumenapi2\\vendor\\illuminate\\container\\BoundMethod.php(93): Illuminate\\Container\\Util::unwrapIfClosure(Object(Closure))
#18 D:\\KULIAH\\- SEMESTER 6\\- PENGEMBANGAN APLIKASI MOBILE\\TUBES\\backend\\lumenapi2\\vendor\\illuminate\\container\\BoundMethod.php(37): Illuminate\\Container\\BoundMethod::callBoundMethod(Object(Laravel\\Lumen\\Application), Array, Object(Closure))
#19 D:\\KULIAH\\- SEMESTER 6\\- PENGEMBANGAN APLIKASI MOBILE\\TUBES\\backend\\lumenapi2\\vendor\\illuminate\\container\\Container.php(611): Illuminate\\Container\\BoundMethod::call(Object(Laravel\\Lumen\\Application), Array, Array, NULL)
#20 D:\\KULIAH\\- SEMESTER 6\\- PENGEMBANGAN APLIKASI MOBILE\\TUBES\\backend\\lumenapi2\\vendor\\illuminate\\console\\Command.php(136): Illuminate\\Container\\Container->call(Array)
#21 D:\\KULIAH\\- SEMESTER 6\\- PENGEMBANGAN APLIKASI MOBILE\\TUBES\\backend\\lumenapi2\\vendor\\symfony\\console\\Command\\Command.php(256): Illuminate\\Console\\Command->execute(Object(Symfony\\Component\\Console\\Input\\ArgvInput), Object(Illuminate\\Console\\OutputStyle))
#22 D:\\KULIAH\\- SEMESTER 6\\- PENGEMBANGAN APLIKASI MOBILE\\TUBES\\backend\\lumenapi2\\vendor\\illuminate\\console\\Command.php(121): Symfony\\Component\\Console\\Command\\Command->run(Object(Symfony\\Component\\Console\\Input\\ArgvInput), Object(Illuminate\\Console\\OutputStyle))
#23 D:\\KULIAH\\- SEMESTER 6\\- PENGEMBANGAN APLIKASI MOBILE\\TUBES\\backend\\lumenapi2\\vendor\\symfony\\console\\Application.php(971): Illuminate\\Console\\Command->run(Object(Symfony\\Component\\Console\\Input\\ArgvInput), Object(Symfony\\Component\\Console\\Output\\ConsoleOutput))
#24 D:\\KULIAH\\- SEMESTER 6\\- PENGEMBANGAN APLIKASI MOBILE\\TUBES\\backend\\lumenapi2\\vendor\\symfony\\console\\Application.php(290): Symfony\\Component\\Console\\Application->doRunCommand(Object(Illuminate\\Database\\Console\\Migrations\\MigrateCommand), Object(Symfony\\Component\\Console\\Input\\ArgvInput), Object(Symfony\\Component\\Console\\Output\\ConsoleOutput))
#25 D:\\KULIAH\\- SEMESTER 6\\- PENGEMBANGAN APLIKASI MOBILE\\TUBES\\backend\\lumenapi2\\vendor\\symfony\\console\\Application.php(166): Symfony\\Component\\Console\\Application->doRun(Object(Symfony\\Component\\Console\\Input\\ArgvInput), Object(Symfony\\Component\\Console\\Output\\ConsoleOutput))
#26 D:\\KULIAH\\- SEMESTER 6\\- PENGEMBANGAN APLIKASI MOBILE\\TUBES\\backend\\lumenapi2\\vendor\\illuminate\\console\\Application.php(92): Symfony\\Component\\Console\\Application->run(Object(Symfony\\Component\\Console\\Input\\ArgvInput), Object(Symfony\\Component\\Console\\Output\\ConsoleOutput))
#27 D:\\KULIAH\\- SEMESTER 6\\- PENGEMBANGAN APLIKASI MOBILE\\TUBES\\backend\\lumenapi2\\vendor\\laravel\\lumen-framework\\src\\Console\\Kernel.php(116): Illuminate\\Console\\Application->run(Object(Symfony\\Component\\Console\\Input\\ArgvInput), Object(Symfony\\Component\\Console\\Output\\ConsoleOutput))
#28 D:\\KULIAH\\- SEMESTER 6\\- PENGEMBANGAN APLIKASI MOBILE\\TUBES\\backend\\lumenapi2\\artisan(35): Laravel\\Lumen\\Console\\Kernel->handle(Object(Symfony\\Component\\Console\\Input\\ArgvInput), Object(Symfony\\Component\\Console\\Output\\ConsoleOutput))
#29 {main}

[previous exception] [object] (PDOException(code: 42000): SQLSTATE[42000]: Syntax error or access violation: 1072 Key column 'user_id' doesn't exist in table at D:\\KULIAH\\- SEMESTER 6\\- PENGEMBANGAN APLIKASI MOBILE\\TUBES\\backend\\lumenapi2\\vendor\\illuminate\\database\\Connection.php:471)
[stacktrace]
#0 D:\\KULIAH\\- SEMESTER 6\\- PENGEMBANGAN APLIKASI MOBILE\\TUBES\\backend\\lumenapi2\\vendor\\illuminate\\database\\Connection.php(471): PDOStatement->execute()
#1 D:\\KULIAH\\- SEMESTER 6\\- PENGEMBANGAN APLIKASI MOBILE\\TUBES\\backend\\lumenapi2\\vendor\\illuminate\\database\\Connection.php(671): Illuminate\\Database\\Connection->Illuminate\\Database\\{closure}('alter table `bu...', Array)
#2 D:\\KULIAH\\- SEMESTER 6\\- PENGEMBANGAN APLIKASI MOBILE\\TUBES\\backend\\lumenapi2\\vendor\\illuminate\\database\\Connection.php(638): Illuminate\\Database\\Connection->runQueryCallback('alter table `bu...', Array, Object(Closure))
#3 D:\\KULIAH\\- SEMESTER 6\\- PENGEMBANGAN APLIKASI MOBILE\\TUBES\\backend\\lumenapi2\\vendor\\illuminate\\database\\Connection.php(472): Illuminate\\Database\\Connection->run('alter table `bu...', Array, Object(Closure))
#4 D:\\KULIAH\\- SEMESTER 6\\- PENGEMBANGAN APLIKASI MOBILE\\TUBES\\backend\\lumenapi2\\vendor\\illuminate\\database\\Schema\\Blueprint.php(109): Illuminate\\Database\\Connection->statement('alter table `bu...')
#5 D:\\KULIAH\\- SEMESTER 6\\- PENGEMBANGAN APLIKASI MOBILE\\TUBES\\backend\\lumenapi2\\vendor\\illuminate\\database\\Schema\\Builder.php(359): Illuminate\\Database\\Schema\\Blueprint->build(Object(Illuminate\\Database\\MySqlConnection), Object(Illuminate\\Database\\Schema\\Grammars\\MySqlGrammar))
#6 D:\\KULIAH\\- SEMESTER 6\\- PENGEMBANGAN APLIKASI MOBILE\\TUBES\\backend\\lumenapi2\\vendor\\illuminate\\database\\Schema\\Builder.php(206): Illuminate\\Database\\Schema\\Builder->build(Object(Illuminate\\Database\\Schema\\Blueprint))
#7 D:\\KULIAH\\- SEMESTER 6\\- PENGEMBANGAN APLIKASI MOBILE\\TUBES\\backend\\lumenapi2\\vendor\\illuminate\\support\\Facades\\Facade.php(261): Illuminate\\Database\\Schema\\Builder->table('buang_sampahs', Object(Closure))
#8 D:\\KULIAH\\- SEMESTER 6\\- PENGEMBANGAN APLIKASI MOBILE\\TUBES\\backend\\lumenapi2\\database\\migrations\\2021_05_07_125800_create_buang_sampahs_table.php(29): Illuminate\\Support\\Facades\\Facade::__callStatic('table', Array)
#9 D:\\KULIAH\\- SEMESTER 6\\- PENGEMBANGAN APLIKASI MOBILE\\TUBES\\backend\\lumenapi2\\vendor\\illuminate\\database\\Migrations\\Migrator.php(393): CreateBuangSampahsTable->up()
#10 D:\\KULIAH\\- SEMESTER 6\\- PENGEMBANGAN APLIKASI MOBILE\\TUBES\\backend\\lumenapi2\\vendor\\illuminate\\database\\Migrations\\Migrator.php(402): Illuminate\\Database\\Migrations\\Migrator->Illuminate\\Database\\Migrations\\{closure}()
#11 D:\\KULIAH\\- SEMESTER 6\\- PENGEMBANGAN APLIKASI MOBILE\\TUBES\\backend\\lumenapi2\\vendor\\illuminate\\database\\Migrations\\Migrator.php(201): Illuminate\\Database\\Migrations\\Migrator->runMigration(Object(CreateBuangSampahsTable), 'up')
#12 D:\\KULIAH\\- SEMESTER 6\\- PENGEMBANGAN APLIKASI MOBILE\\TUBES\\backend\\lumenapi2\\vendor\\illuminate\\database\\Migrations\\Migrator.php(166): Illuminate\\Database\\Migrations\\Migrator->runUp('D:\\\\KULIAH\\\\- SEM...', 2, false)
#13 D:\\KULIAH\\- SEMESTER 6\\- PENGEMBANGAN APLIKASI MOBILE\\TUBES\\backend\\lumenapi2\\vendor\\illuminate\\database\\Migrations\\Migrator.php(111): Illuminate\\Database\\Migrations\\Migrator->runPending(Array, Array)
#14 D:\\KULIAH\\- SEMESTER 6\\- PENGEMBANGAN APLIKASI MOBILE\\TUBES\\backend\\lumenapi2\\vendor\\illuminate\\database\\Console\\Migrations\\MigrateCommand.php(85): Illuminate\\Database\\Migrations\\Migrator->run(Array, Array)
#15 D:\\KULIAH\\- SEMESTER 6\\- PENGEMBANGAN APLIKASI MOBILE\\TUBES\\backend\\lumenapi2\\vendor\\illuminate\\database\\Migrations\\Migrator.php(576): Illuminate\\Database\\Console\\Migrations\\MigrateCommand->Illuminate\\Database\\Console\\Migrations\\{closure}()
#16 D:\\KULIAH\\- SEMESTER 6\\- PENGEMBANGAN APLIKASI MOBILE\\TUBES\\backend\\lumenapi2\\vendor\\illuminate\\database\\Console\\Migrations\\MigrateCommand.php(94): Illuminate\\Database\\Migrations\\Migrator->usingConnection(NULL, Object(Closure))
#17 D:\\KULIAH\\- SEMESTER 6\\- PENGEMBANGAN APLIKASI MOBILE\\TUBES\\backend\\lumenapi2\\vendor\\illuminate\\container\\BoundMethod.php(36): Illuminate\\Database\\Console\\Migrations\\MigrateCommand->handle()
#18 D:\\KULIAH\\- SEMESTER 6\\- PENGEMBANGAN APLIKASI MOBILE\\TUBES\\backend\\lumenapi2\\vendor\\illuminate\\container\\Util.php(40): Illuminate\\Container\\BoundMethod::Illuminate\\Container\\{closure}()
#19 D:\\KULIAH\\- SEMESTER 6\\- PENGEMBANGAN APLIKASI MOBILE\\TUBES\\backend\\lumenapi2\\vendor\\illuminate\\container\\BoundMethod.php(93): Illuminate\\Container\\Util::unwrapIfClosure(Object(Closure))
#20 D:\\KULIAH\\- SEMESTER 6\\- PENGEMBANGAN APLIKASI MOBILE\\TUBES\\backend\\lumenapi2\\vendor\\illuminate\\container\\BoundMethod.php(37): Illuminate\\Container\\BoundMethod::callBoundMethod(Object(Laravel\\Lumen\\Application), Array, Object(Closure))
#21 D:\\KULIAH\\- SEMESTER 6\\- PENGEMBANGAN APLIKASI MOBILE\\TUBES\\backend\\lumenapi2\\vendor\\illuminate\\container\\Container.php(611): Illuminate\\Container\\BoundMethod::call(Object(Laravel\\Lumen\\Application), Array, Array, NULL)
#22 D:\\KULIAH\\- SEMESTER 6\\- PENGEMBANGAN APLIKASI MOBILE\\TUBES\\backend\\lumenapi2\\vendor\\illuminate\\console\\Command.php(136): Illuminate\\Container\\Container->call(Array)
#23 D:\\KULIAH\\- SEMESTER 6\\- PENGEMBANGAN APLIKASI MOBILE\\TUBES\\backend\\lumenapi2\\vendor\\symfony\\console\\Command\\Command.php(256): Illuminate\\Console\\Command->execute(Object(Symfony\\Component\\Console\\Input\\ArgvInput), Object(Illuminate\\Console\\OutputStyle))
#24 D:\\KULIAH\\- SEMESTER 6\\- PENGEMBANGAN APLIKASI MOBILE\\TUBES\\backend\\lumenapi2\\vendor\\illuminate\\console\\Command.php(121): Symfony\\Component\\Console\\Command\\Command->run(Object(Symfony\\Component\\Console\\Input\\ArgvInput), Object(Illuminate\\Console\\OutputStyle))
#25 D:\\KULIAH\\- SEMESTER 6\\- PENGEMBANGAN APLIKASI MOBILE\\TUBES\\backend\\lumenapi2\\vendor\\symfony\\console\\Application.php(971): Illuminate\\Console\\Command->run(Object(Symfony\\Component\\Console\\Input\\ArgvInput), Object(Symfony\\Component\\Console\\Output\\ConsoleOutput))
#26 D:\\KULIAH\\- SEMESTER 6\\- PENGEMBANGAN APLIKASI MOBILE\\TUBES\\backend\\lumenapi2\\vendor\\symfony\\console\\Application.php(290): Symfony\\Component\\Console\\Application->doRunCommand(Object(Illuminate\\Database\\Console\\Migrations\\MigrateCommand), Object(Symfony\\Component\\Console\\Input\\ArgvInput), Object(Symfony\\Component\\Console\\Output\\ConsoleOutput))
#27 D:\\KULIAH\\- SEMESTER 6\\- PENGEMBANGAN APLIKASI MOBILE\\TUBES\\backend\\lumenapi2\\vendor\\symfony\\console\\Application.php(166): Symfony\\Component\\Console\\Application->doRun(Object(Symfony\\Component\\Console\\Input\\ArgvInput), Object(Symfony\\Component\\Console\\Output\\ConsoleOutput))
#28 D:\\KULIAH\\- SEMESTER 6\\- PENGEMBANGAN APLIKASI MOBILE\\TUBES\\backend\\lumenapi2\\vendor\\illuminate\\console\\Application.php(92): Symfony\\Component\\Console\\Application->run(Object(Symfony\\Component\\Console\\Input\\ArgvInput), Object(Symfony\\Component\\Console\\Output\\ConsoleOutput))
#29 D:\\KULIAH\\- SEMESTER 6\\- PENGEMBANGAN APLIKASI MOBILE\\TUBES\\backend\\lumenapi2\\vendor\\laravel\\lumen-framework\\src\\Console\\Kernel.php(116): Illuminate\\Console\\Application->run(Object(Symfony\\Component\\Console\\Input\\ArgvInput), Object(Symfony\\Component\\Console\\Output\\ConsoleOutput))
#30 D:\\KULIAH\\- SEMESTER 6\\- PENGEMBANGAN APLIKASI MOBILE\\TUBES\\backend\\lumenapi2\\artisan(35): Laravel\\Lumen\\Console\\Kernel->handle(Object(Symfony\\Component\\Console\\Input\\ArgvInput), Object(Symfony\\Component\\Console\\Output\\ConsoleOutput))
#31 {main}
"} 
[2021-05-13 16:39:22] local.ERROR: SQLSTATE[42S01]: Base table or view already exists: 1050 Table 'buang_sampahs' already exists (SQL: create table `buang_sampahs` (`jemput_id` int unsigned not null auto_increment primary key, `waktu_jemput` datetime not null, `lokasi_jemput` varchar(100) not null, `estimasi_berat_sampah` int not null, `kategori_sampah` char(255) not null, `created_at` timestamp null, `updated_at` timestamp null) default character set utf8mb4 collate 'utf8mb4_unicode_ci') {"exception":"[object] (Illuminate\\Database\\QueryException(code: 42S01): SQLSTATE[42S01]: Base table or view already exists: 1050 Table 'buang_sampahs' already exists (SQL: create table `buang_sampahs` (`jemput_id` int unsigned not null auto_increment primary key, `waktu_jemput` datetime not null, `lokasi_jemput` varchar(100) not null, `estimasi_berat_sampah` int not null, `kategori_sampah` char(255) not null, `created_at` timestamp null, `updated_at` timestamp null) default character set utf8mb4 collate 'utf8mb4_unicode_ci') at D:\\KULIAH\\- SEMESTER 6\\- PENGEMBANGAN APLIKASI MOBILE\\TUBES\\backend\\lumenapi2\\vendor\\illuminate\\database\\Connection.php:678)
[stacktrace]
#0 D:\\KULIAH\\- SEMESTER 6\\- PENGEMBANGAN APLIKASI MOBILE\\TUBES\\backend\\lumenapi2\\vendor\\illuminate\\database\\Connection.php(638): Illuminate\\Database\\Connection->runQueryCallback('create table `b...', Array, Object(Closure))
#1 D:\\KULIAH\\- SEMESTER 6\\- PENGEMBANGAN APLIKASI MOBILE\\TUBES\\backend\\lumenapi2\\vendor\\illuminate\\database\\Connection.php(472): Illuminate\\Database\\Connection->run('create table `b...', Array, Object(Closure))
#2 D:\\KULIAH\\- SEMESTER 6\\- PENGEMBANGAN APLIKASI MOBILE\\TUBES\\backend\\lumenapi2\\vendor\\illuminate\\database\\Schema\\Blueprint.php(109): Illuminate\\Database\\Connection->statement('create table `b...')
#3 D:\\KULIAH\\- SEMESTER 6\\- PENGEMBANGAN APLIKASI MOBILE\\TUBES\\backend\\lumenapi2\\vendor\\illuminate\\database\\Schema\\Builder.php(359): Illuminate\\Database\\Schema\\Blueprint->build(Object(Illuminate\\Database\\MySqlConnection), Object(Illuminate\\Database\\Schema\\Grammars\\MySqlGrammar))
#4 D:\\KULIAH\\- SEMESTER 6\\- PENGEMBANGAN APLIKASI MOBILE\\TUBES\\backend\\lumenapi2\\vendor\\illuminate\\database\\Schema\\Builder.php(222): Illuminate\\Database\\Schema\\Builder->build(Object(Illuminate\\Database\\Schema\\Blueprint))
#5 D:\\KULIAH\\- SEMESTER 6\\- PENGEMBANGAN APLIKASI MOBILE\\TUBES\\backend\\lumenapi2\\vendor\\illuminate\\support\\Facades\\Facade.php(261): Illuminate\\Database\\Schema\\Builder->create('buang_sampahs', Object(Closure))
#6 D:\\KULIAH\\- SEMESTER 6\\- PENGEMBANGAN APLIKASI MOBILE\\TUBES\\backend\\lumenapi2\\database\\migrations\\2021_05_07_125800_create_buang_sampahs_table.php(24): Illuminate\\Support\\Facades\\Facade::__callStatic('create', Array)
#7 D:\\KULIAH\\- SEMESTER 6\\- PENGEMBANGAN APLIKASI MOBILE\\TUBES\\backend\\lumenapi2\\vendor\\illuminate\\database\\Migrations\\Migrator.php(393): CreateBuangSampahsTable->up()
#8 D:\\KULIAH\\- SEMESTER 6\\- PENGEMBANGAN APLIKASI MOBILE\\TUBES\\backend\\lumenapi2\\vendor\\illuminate\\database\\Migrations\\Migrator.php(402): Illuminate\\Database\\Migrations\\Migrator->Illuminate\\Database\\Migrations\\{closure}()
#9 D:\\KULIAH\\- SEMESTER 6\\- PENGEMBANGAN APLIKASI MOBILE\\TUBES\\backend\\lumenapi2\\vendor\\illuminate\\database\\Migrations\\Migrator.php(201): Illuminate\\Database\\Migrations\\Migrator->runMigration(Object(CreateBuangSampahsTable), 'up')
#10 D:\\KULIAH\\- SEMESTER 6\\- PENGEMBANGAN APLIKASI MOBILE\\TUBES\\backend\\lumenapi2\\vendor\\illuminate\\database\\Migrations\\Migrator.php(166): Illuminate\\Database\\Migrations\\Migrator->runUp('D:\\\\KULIAH\\\\- SEM...', 2, false)
#11 D:\\KULIAH\\- SEMESTER 6\\- PENGEMBANGAN APLIKASI MOBILE\\TUBES\\backend\\lumenapi2\\vendor\\illuminate\\database\\Migrations\\Migrator.php(111): Illuminate\\Database\\Migrations\\Migrator->runPending(Array, Array)
#12 D:\\KULIAH\\- SEMESTER 6\\- PENGEMBANGAN APLIKASI MOBILE\\TUBES\\backend\\lumenapi2\\vendor\\illuminate\\database\\Console\\Migrations\\MigrateCommand.php(85): Illuminate\\Database\\Migrations\\Migrator->run(Array, Array)
#13 D:\\KULIAH\\- SEMESTER 6\\- PENGEMBANGAN APLIKASI MOBILE\\TUBES\\backend\\lumenapi2\\vendor\\illuminate\\database\\Migrations\\Migrator.php(576): Illuminate\\Database\\Console\\Migrations\\MigrateCommand->Illuminate\\Database\\Console\\Migrations\\{closure}()
#14 D:\\KULIAH\\- SEMESTER 6\\- PENGEMBANGAN APLIKASI MOBILE\\TUBES\\backend\\lumenapi2\\vendor\\illuminate\\database\\Console\\Migrations\\MigrateCommand.php(94): Illuminate\\Database\\Migrations\\Migrator->usingConnection(NULL, Object(Closure))
#15 D:\\KULIAH\\- SEMESTER 6\\- PENGEMBANGAN APLIKASI MOBILE\\TUBES\\backend\\lumenapi2\\vendor\\illuminate\\container\\BoundMethod.php(36): Illuminate\\Database\\Console\\Migrations\\MigrateCommand->handle()
#16 D:\\KULIAH\\- SEMESTER 6\\- PENGEMBANGAN APLIKASI MOBILE\\TUBES\\backend\\lumenapi2\\vendor\\illuminate\\container\\Util.php(40): Illuminate\\Container\\BoundMethod::Illuminate\\Container\\{closure}()
#17 D:\\KULIAH\\- SEMESTER 6\\- PENGEMBANGAN APLIKASI MOBILE\\TUBES\\backend\\lumenapi2\\vendor\\illuminate\\container\\BoundMethod.php(93): Illuminate\\Container\\Util::unwrapIfClosure(Object(Closure))
#18 D:\\KULIAH\\- SEMESTER 6\\- PENGEMBANGAN APLIKASI MOBILE\\TUBES\\backend\\lumenapi2\\vendor\\illuminate\\container\\BoundMethod.php(37): Illuminate\\Container\\BoundMethod::callBoundMethod(Object(Laravel\\Lumen\\Application), Array, Object(Closure))
#19 D:\\KULIAH\\- SEMESTER 6\\- PENGEMBANGAN APLIKASI MOBILE\\TUBES\\backend\\lumenapi2\\vendor\\illuminate\\container\\Container.php(611): Illuminate\\Container\\BoundMethod::call(Object(Laravel\\Lumen\\Application), Array, Array, NULL)
#20 D:\\KULIAH\\- SEMESTER 6\\- PENGEMBANGAN APLIKASI MOBILE\\TUBES\\backend\\lumenapi2\\vendor\\illuminate\\console\\Command.php(136): Illuminate\\Container\\Container->call(Array)
#21 D:\\KULIAH\\- SEMESTER 6\\- PENGEMBANGAN APLIKASI MOBILE\\TUBES\\backend\\lumenapi2\\vendor\\symfony\\console\\Command\\Command.php(256): Illuminate\\Console\\Command->execute(Object(Symfony\\Component\\Console\\Input\\ArgvInput), Object(Illuminate\\Console\\OutputStyle))
#22 D:\\KULIAH\\- SEMESTER 6\\- PENGEMBANGAN APLIKASI MOBILE\\TUBES\\backend\\lumenapi2\\vendor\\illuminate\\console\\Command.php(121): Symfony\\Component\\Console\\Command\\Command->run(Object(Symfony\\Component\\Console\\Input\\ArgvInput), Object(Illuminate\\Console\\OutputStyle))
#23 D:\\KULIAH\\- SEMESTER 6\\- PENGEMBANGAN APLIKASI MOBILE\\TUBES\\backend\\lumenapi2\\vendor\\symfony\\console\\Application.php(971): Illuminate\\Console\\Command->run(Object(Symfony\\Component\\Console\\Input\\ArgvInput), Object(Symfony\\Component\\Console\\Output\\ConsoleOutput))
#24 D:\\KULIAH\\- SEMESTER 6\\- PENGEMBANGAN APLIKASI MOBILE\\TUBES\\backend\\lumenapi2\\vendor\\symfony\\console\\Application.php(290): Symfony\\Component\\Console\\Application->doRunCommand(Object(Illuminate\\Database\\Console\\Migrations\\MigrateCommand), Object(Symfony\\Component\\Console\\Input\\ArgvInput), Object(Symfony\\Component\\Console\\Output\\ConsoleOutput))
#25 D:\\KULIAH\\- SEMESTER 6\\- PENGEMBANGAN APLIKASI MOBILE\\TUBES\\backend\\lumenapi2\\vendor\\symfony\\console\\Application.php(166): Symfony\\Component\\Console\\Application->doRun(Object(Symfony\\Component\\Console\\Input\\ArgvInput), Object(Symfony\\Component\\Console\\Output\\ConsoleOutput))
#26 D:\\KULIAH\\- SEMESTER 6\\- PENGEMBANGAN APLIKASI MOBILE\\TUBES\\backend\\lumenapi2\\vendor\\illuminate\\console\\Application.php(92): Symfony\\Component\\Console\\Application->run(Object(Symfony\\Component\\Console\\Input\\ArgvInput), Object(Symfony\\Component\\Console\\Output\\ConsoleOutput))
#27 D:\\KULIAH\\- SEMESTER 6\\- PENGEMBANGAN APLIKASI MOBILE\\TUBES\\backend\\lumenapi2\\vendor\\laravel\\lumen-framework\\src\\Console\\Kernel.php(116): Illuminate\\Console\\Application->run(Object(Symfony\\Component\\Console\\Input\\ArgvInput), Object(Symfony\\Component\\Console\\Output\\ConsoleOutput))
#28 D:\\KULIAH\\- SEMESTER 6\\- PENGEMBANGAN APLIKASI MOBILE\\TUBES\\backend\\lumenapi2\\artisan(35): Laravel\\Lumen\\Console\\Kernel->handle(Object(Symfony\\Component\\Console\\Input\\ArgvInput), Object(Symfony\\Component\\Console\\Output\\ConsoleOutput))
#29 {main}

[previous exception] [object] (PDOException(code: 42S01): SQLSTATE[42S01]: Base table or view already exists: 1050 Table 'buang_sampahs' already exists at D:\\KULIAH\\- SEMESTER 6\\- PENGEMBANGAN APLIKASI MOBILE\\TUBES\\backend\\lumenapi2\\vendor\\illuminate\\database\\Connection.php:471)
[stacktrace]
#0 D:\\KULIAH\\- SEMESTER 6\\- PENGEMBANGAN APLIKASI MOBILE\\TUBES\\backend\\lumenapi2\\vendor\\illuminate\\database\\Connection.php(471): PDOStatement->execute()
#1 D:\\KULIAH\\- SEMESTER 6\\- PENGEMBANGAN APLIKASI MOBILE\\TUBES\\backend\\lumenapi2\\vendor\\illuminate\\database\\Connection.php(671): Illuminate\\Database\\Connection->Illuminate\\Database\\{closure}('create table `b...', Array)
#2 D:\\KULIAH\\- SEMESTER 6\\- PENGEMBANGAN APLIKASI MOBILE\\TUBES\\backend\\lumenapi2\\vendor\\illuminate\\database\\Connection.php(638): Illuminate\\Database\\Connection->runQueryCallback('create table `b...', Array, Object(Closure))
#3 D:\\KULIAH\\- SEMESTER 6\\- PENGEMBANGAN APLIKASI MOBILE\\TUBES\\backend\\lumenapi2\\vendor\\illuminate\\database\\Connection.php(472): Illuminate\\Database\\Connection->run('create table `b...', Array, Object(Closure))
#4 D:\\KULIAH\\- SEMESTER 6\\- PENGEMBANGAN APLIKASI MOBILE\\TUBES\\backend\\lumenapi2\\vendor\\illuminate\\database\\Schema\\Blueprint.php(109): Illuminate\\Database\\Connection->statement('create table `b...')
#5 D:\\KULIAH\\- SEMESTER 6\\- PENGEMBANGAN APLIKASI MOBILE\\TUBES\\backend\\lumenapi2\\vendor\\illuminate\\database\\Schema\\Builder.php(359): Illuminate\\Database\\Schema\\Blueprint->build(Object(Illuminate\\Database\\MySqlConnection), Object(Illuminate\\Database\\Schema\\Grammars\\MySqlGrammar))
#6 D:\\KULIAH\\- SEMESTER 6\\- PENGEMBANGAN APLIKASI MOBILE\\TUBES\\backend\\lumenapi2\\vendor\\illuminate\\database\\Schema\\Builder.php(222): Illuminate\\Database\\Schema\\Builder->build(Object(Illuminate\\Database\\Schema\\Blueprint))
#7 D:\\KULIAH\\- SEMESTER 6\\- PENGEMBANGAN APLIKASI MOBILE\\TUBES\\backend\\lumenapi2\\vendor\\illuminate\\support\\Facades\\Facade.php(261): Illuminate\\Database\\Schema\\Builder->create('buang_sampahs', Object(Closure))
#8 D:\\KULIAH\\- SEMESTER 6\\- PENGEMBANGAN APLIKASI MOBILE\\TUBES\\backend\\lumenapi2\\database\\migrations\\2021_05_07_125800_create_buang_sampahs_table.php(24): Illuminate\\Support\\Facades\\Facade::__callStatic('create', Array)
#9 D:\\KULIAH\\- SEMESTER 6\\- PENGEMBANGAN APLIKASI MOBILE\\TUBES\\backend\\lumenapi2\\vendor\\illuminate\\database\\Migrations\\Migrator.php(393): CreateBuangSampahsTable->up()
#10 D:\\KULIAH\\- SEMESTER 6\\- PENGEMBANGAN APLIKASI MOBILE\\TUBES\\backend\\lumenapi2\\vendor\\illuminate\\database\\Migrations\\Migrator.php(402): Illuminate\\Database\\Migrations\\Migrator->Illuminate\\Database\\Migrations\\{closure}()
#11 D:\\KULIAH\\- SEMESTER 6\\- PENGEMBANGAN APLIKASI MOBILE\\TUBES\\backend\\lumenapi2\\vendor\\illuminate\\database\\Migrations\\Migrator.php(201): Illuminate\\Database\\Migrations\\Migrator->runMigration(Object(CreateBuangSampahsTable), 'up')
#12 D:\\KULIAH\\- SEMESTER 6\\- PENGEMBANGAN APLIKASI MOBILE\\TUBES\\backend\\lumenapi2\\vendor\\illuminate\\database\\Migrations\\Migrator.php(166): Illuminate\\Database\\Migrations\\Migrator->runUp('D:\\\\KULIAH\\\\- SEM...', 2, false)
#13 D:\\KULIAH\\- SEMESTER 6\\- PENGEMBANGAN APLIKASI MOBILE\\TUBES\\backend\\lumenapi2\\vendor\\illuminate\\database\\Migrations\\Migrator.php(111): Illuminate\\Database\\Migrations\\Migrator->runPending(Array, Array)
#14 D:\\KULIAH\\- SEMESTER 6\\- PENGEMBANGAN APLIKASI MOBILE\\TUBES\\backend\\lumenapi2\\vendor\\illuminate\\database\\Console\\Migrations\\MigrateCommand.php(85): Illuminate\\Database\\Migrations\\Migrator->run(Array, Array)
#15 D:\\KULIAH\\- SEMESTER 6\\- PENGEMBANGAN APLIKASI MOBILE\\TUBES\\backend\\lumenapi2\\vendor\\illuminate\\database\\Migrations\\Migrator.php(576): Illuminate\\Database\\Console\\Migrations\\MigrateCommand->Illuminate\\Database\\Console\\Migrations\\{closure}()
#16 D:\\KULIAH\\- SEMESTER 6\\- PENGEMBANGAN APLIKASI MOBILE\\TUBES\\backend\\lumenapi2\\vendor\\illuminate\\database\\Console\\Migrations\\MigrateCommand.php(94): Illuminate\\Database\\Migrations\\Migrator->usingConnection(NULL, Object(Closure))
#17 D:\\KULIAH\\- SEMESTER 6\\- PENGEMBANGAN APLIKASI MOBILE\\TUBES\\backend\\lumenapi2\\vendor\\illuminate\\container\\BoundMethod.php(36): Illuminate\\Database\\Console\\Migrations\\MigrateCommand->handle()
#18 D:\\KULIAH\\- SEMESTER 6\\- PENGEMBANGAN APLIKASI MOBILE\\TUBES\\backend\\lumenapi2\\vendor\\illuminate\\container\\Util.php(40): Illuminate\\Container\\BoundMethod::Illuminate\\Container\\{closure}()
#19 D:\\KULIAH\\- SEMESTER 6\\- PENGEMBANGAN APLIKASI MOBILE\\TUBES\\backend\\lumenapi2\\vendor\\illuminate\\container\\BoundMethod.php(93): Illuminate\\Container\\Util::unwrapIfClosure(Object(Closure))
#20 D:\\KULIAH\\- SEMESTER 6\\- PENGEMBANGAN APLIKASI MOBILE\\TUBES\\backend\\lumenapi2\\vendor\\illuminate\\container\\BoundMethod.php(37): Illuminate\\Container\\BoundMethod::callBoundMethod(Object(Laravel\\Lumen\\Application), Array, Object(Closure))
#21 D:\\KULIAH\\- SEMESTER 6\\- PENGEMBANGAN APLIKASI MOBILE\\TUBES\\backend\\lumenapi2\\vendor\\illuminate\\container\\Container.php(611): Illuminate\\Container\\BoundMethod::call(Object(Laravel\\Lumen\\Application), Array, Array, NULL)
#22 D:\\KULIAH\\- SEMESTER 6\\- PENGEMBANGAN APLIKASI MOBILE\\TUBES\\backend\\lumenapi2\\vendor\\illuminate\\console\\Command.php(136): Illuminate\\Container\\Container->call(Array)
#23 D:\\KULIAH\\- SEMESTER 6\\- PENGEMBANGAN APLIKASI MOBILE\\TUBES\\backend\\lumenapi2\\vendor\\symfony\\console\\Command\\Command.php(256): Illuminate\\Console\\Command->execute(Object(Symfony\\Component\\Console\\Input\\ArgvInput), Object(Illuminate\\Console\\OutputStyle))
#24 D:\\KULIAH\\- SEMESTER 6\\- PENGEMBANGAN APLIKASI MOBILE\\TUBES\\backend\\lumenapi2\\vendor\\illuminate\\console\\Command.php(121): Symfony\\Component\\Console\\Command\\Command->run(Object(Symfony\\Component\\Console\\Input\\ArgvInput), Object(Illuminate\\Console\\OutputStyle))
#25 D:\\KULIAH\\- SEMESTER 6\\- PENGEMBANGAN APLIKASI MOBILE\\TUBES\\backend\\lumenapi2\\vendor\\symfony\\console\\Application.php(971): Illuminate\\Console\\Command->run(Object(Symfony\\Component\\Console\\Input\\ArgvInput), Object(Symfony\\Component\\Console\\Output\\ConsoleOutput))
#26 D:\\KULIAH\\- SEMESTER 6\\- PENGEMBANGAN APLIKASI MOBILE\\TUBES\\backend\\lumenapi2\\vendor\\symfony\\console\\Application.php(290): Symfony\\Component\\Console\\Application->doRunCommand(Object(Illuminate\\Database\\Console\\Migrations\\MigrateCommand), Object(Symfony\\Component\\Console\\Input\\ArgvInput), Object(Symfony\\Component\\Console\\Output\\ConsoleOutput))
#27 D:\\KULIAH\\- SEMESTER 6\\- PENGEMBANGAN APLIKASI MOBILE\\TUBES\\backend\\lumenapi2\\vendor\\symfony\\console\\Application.php(166): Symfony\\Component\\Console\\Application->doRun(Object(Symfony\\Component\\Console\\Input\\ArgvInput), Object(Symfony\\Component\\Console\\Output\\ConsoleOutput))
#28 D:\\KULIAH\\- SEMESTER 6\\- PENGEMBANGAN APLIKASI MOBILE\\TUBES\\backend\\lumenapi2\\vendor\\illuminate\\console\\Application.php(92): Symfony\\Component\\Console\\Application->run(Object(Symfony\\Component\\Console\\Input\\ArgvInput), Object(Symfony\\Component\\Console\\Output\\ConsoleOutput))
#29 D:\\KULIAH\\- SEMESTER 6\\- PENGEMBANGAN APLIKASI MOBILE\\TUBES\\backend\\lumenapi2\\vendor\\laravel\\lumen-framework\\src\\Console\\Kernel.php(116): Illuminate\\Console\\Application->run(Object(Symfony\\Component\\Console\\Input\\ArgvInput), Object(Symfony\\Component\\Console\\Output\\ConsoleOutput))
#30 D:\\KULIAH\\- SEMESTER 6\\- PENGEMBANGAN APLIKASI MOBILE\\TUBES\\backend\\lumenapi2\\artisan(35): Laravel\\Lumen\\Console\\Kernel->handle(Object(Symfony\\Component\\Console\\Input\\ArgvInput), Object(Symfony\\Component\\Console\\Output\\ConsoleOutput))
#31 {main}
"} 
[2021-05-13 16:40:31] local.ERROR: SQLSTATE[42S01]: Base table or view already exists: 1050 Table 'buang_sampahs' already exists (SQL: create table `buang_sampahs` (`jemput_id` int unsigned not null auto_increment primary key, `waktu_jemput` datetime not null, `lokasi_jemput` varchar(100) not null, `estimasi_berat_sampah` int not null, `kategori_sampah` char(255) not null, `created_at` timestamp null, `updated_at` timestamp null) default character set utf8mb4 collate 'utf8mb4_unicode_ci') {"exception":"[object] (Illuminate\\Database\\QueryException(code: 42S01): SQLSTATE[42S01]: Base table or view already exists: 1050 Table 'buang_sampahs' already exists (SQL: create table `buang_sampahs` (`jemput_id` int unsigned not null auto_increment primary key, `waktu_jemput` datetime not null, `lokasi_jemput` varchar(100) not null, `estimasi_berat_sampah` int not null, `kategori_sampah` char(255) not null, `created_at` timestamp null, `updated_at` timestamp null) default character set utf8mb4 collate 'utf8mb4_unicode_ci') at D:\\KULIAH\\- SEMESTER 6\\- PENGEMBANGAN APLIKASI MOBILE\\TUBES\\backend\\lumenapi2\\vendor\\illuminate\\database\\Connection.php:678)
[stacktrace]
#0 D:\\KULIAH\\- SEMESTER 6\\- PENGEMBANGAN APLIKASI MOBILE\\TUBES\\backend\\lumenapi2\\vendor\\illuminate\\database\\Connection.php(638): Illuminate\\Database\\Connection->runQueryCallback('create table `b...', Array, Object(Closure))
#1 D:\\KULIAH\\- SEMESTER 6\\- PENGEMBANGAN APLIKASI MOBILE\\TUBES\\backend\\lumenapi2\\vendor\\illuminate\\database\\Connection.php(472): Illuminate\\Database\\Connection->run('create table `b...', Array, Object(Closure))
#2 D:\\KULIAH\\- SEMESTER 6\\- PENGEMBANGAN APLIKASI MOBILE\\TUBES\\backend\\lumenapi2\\vendor\\illuminate\\database\\Schema\\Blueprint.php(109): Illuminate\\Database\\Connection->statement('create table `b...')
#3 D:\\KULIAH\\- SEMESTER 6\\- PENGEMBANGAN APLIKASI MOBILE\\TUBES\\backend\\lumenapi2\\vendor\\illuminate\\database\\Schema\\Builder.php(359): Illuminate\\Database\\Schema\\Blueprint->build(Object(Illuminate\\Database\\MySqlConnection), Object(Illuminate\\Database\\Schema\\Grammars\\MySqlGrammar))
#4 D:\\KULIAH\\- SEMESTER 6\\- PENGEMBANGAN APLIKASI MOBILE\\TUBES\\backend\\lumenapi2\\vendor\\illuminate\\database\\Schema\\Builder.php(222): Illuminate\\Database\\Schema\\Builder->build(Object(Illuminate\\Database\\Schema\\Blueprint))
#5 D:\\KULIAH\\- SEMESTER 6\\- PENGEMBANGAN APLIKASI MOBILE\\TUBES\\backend\\lumenapi2\\vendor\\illuminate\\support\\Facades\\Facade.php(261): Illuminate\\Database\\Schema\\Builder->create('buang_sampahs', Object(Closure))
#6 D:\\KULIAH\\- SEMESTER 6\\- PENGEMBANGAN APLIKASI MOBILE\\TUBES\\backend\\lumenapi2\\database\\migrations\\2021_05_07_125800_create_buang_sampahs_table.php(24): Illuminate\\Support\\Facades\\Facade::__callStatic('create', Array)
#7 D:\\KULIAH\\- SEMESTER 6\\- PENGEMBANGAN APLIKASI MOBILE\\TUBES\\backend\\lumenapi2\\vendor\\illuminate\\database\\Migrations\\Migrator.php(393): CreateBuangSampahsTable->up()
#8 D:\\KULIAH\\- SEMESTER 6\\- PENGEMBANGAN APLIKASI MOBILE\\TUBES\\backend\\lumenapi2\\vendor\\illuminate\\database\\Migrations\\Migrator.php(402): Illuminate\\Database\\Migrations\\Migrator->Illuminate\\Database\\Migrations\\{closure}()
#9 D:\\KULIAH\\- SEMESTER 6\\- PENGEMBANGAN APLIKASI MOBILE\\TUBES\\backend\\lumenapi2\\vendor\\illuminate\\database\\Migrations\\Migrator.php(201): Illuminate\\Database\\Migrations\\Migrator->runMigration(Object(CreateBuangSampahsTable), 'up')
#10 D:\\KULIAH\\- SEMESTER 6\\- PENGEMBANGAN APLIKASI MOBILE\\TUBES\\backend\\lumenapi2\\vendor\\illuminate\\database\\Migrations\\Migrator.php(166): Illuminate\\Database\\Migrations\\Migrator->runUp('D:\\\\KULIAH\\\\- SEM...', 2, false)
#11 D:\\KULIAH\\- SEMESTER 6\\- PENGEMBANGAN APLIKASI MOBILE\\TUBES\\backend\\lumenapi2\\vendor\\illuminate\\database\\Migrations\\Migrator.php(111): Illuminate\\Database\\Migrations\\Migrator->runPending(Array, Array)
#12 D:\\KULIAH\\- SEMESTER 6\\- PENGEMBANGAN APLIKASI MOBILE\\TUBES\\backend\\lumenapi2\\vendor\\illuminate\\database\\Console\\Migrations\\MigrateCommand.php(85): Illuminate\\Database\\Migrations\\Migrator->run(Array, Array)
#13 D:\\KULIAH\\- SEMESTER 6\\- PENGEMBANGAN APLIKASI MOBILE\\TUBES\\backend\\lumenapi2\\vendor\\illuminate\\database\\Migrations\\Migrator.php(576): Illuminate\\Database\\Console\\Migrations\\MigrateCommand->Illuminate\\Database\\Console\\Migrations\\{closure}()
#14 D:\\KULIAH\\- SEMESTER 6\\- PENGEMBANGAN APLIKASI MOBILE\\TUBES\\backend\\lumenapi2\\vendor\\illuminate\\database\\Console\\Migrations\\MigrateCommand.php(94): Illuminate\\Database\\Migrations\\Migrator->usingConnection(NULL, Object(Closure))
#15 D:\\KULIAH\\- SEMESTER 6\\- PENGEMBANGAN APLIKASI MOBILE\\TUBES\\backend\\lumenapi2\\vendor\\illuminate\\container\\BoundMethod.php(36): Illuminate\\Database\\Console\\Migrations\\MigrateCommand->handle()
#16 D:\\KULIAH\\- SEMESTER 6\\- PENGEMBANGAN APLIKASI MOBILE\\TUBES\\backend\\lumenapi2\\vendor\\illuminate\\container\\Util.php(40): Illuminate\\Container\\BoundMethod::Illuminate\\Container\\{closure}()
#17 D:\\KULIAH\\- SEMESTER 6\\- PENGEMBANGAN APLIKASI MOBILE\\TUBES\\backend\\lumenapi2\\vendor\\illuminate\\container\\BoundMethod.php(93): Illuminate\\Container\\Util::unwrapIfClosure(Object(Closure))
#18 D:\\KULIAH\\- SEMESTER 6\\- PENGEMBANGAN APLIKASI MOBILE\\TUBES\\backend\\lumenapi2\\vendor\\illuminate\\container\\BoundMethod.php(37): Illuminate\\Container\\BoundMethod::callBoundMethod(Object(Laravel\\Lumen\\Application), Array, Object(Closure))
#19 D:\\KULIAH\\- SEMESTER 6\\- PENGEMBANGAN APLIKASI MOBILE\\TUBES\\backend\\lumenapi2\\vendor\\illuminate\\container\\Container.php(611): Illuminate\\Container\\BoundMethod::call(Object(Laravel\\Lumen\\Application), Array, Array, NULL)
#20 D:\\KULIAH\\- SEMESTER 6\\- PENGEMBANGAN APLIKASI MOBILE\\TUBES\\backend\\lumenapi2\\vendor\\illuminate\\console\\Command.php(136): Illuminate\\Container\\Container->call(Array)
#21 D:\\KULIAH\\- SEMESTER 6\\- PENGEMBANGAN APLIKASI MOBILE\\TUBES\\backend\\lumenapi2\\vendor\\symfony\\console\\Command\\Command.php(256): Illuminate\\Console\\Command->execute(Object(Symfony\\Component\\Console\\Input\\ArgvInput), Object(Illuminate\\Console\\OutputStyle))
#22 D:\\KULIAH\\- SEMESTER 6\\- PENGEMBANGAN APLIKASI MOBILE\\TUBES\\backend\\lumenapi2\\vendor\\illuminate\\console\\Command.php(121): Symfony\\Component\\Console\\Command\\Command->run(Object(Symfony\\Component\\Console\\Input\\ArgvInput), Object(Illuminate\\Console\\OutputStyle))
#23 D:\\KULIAH\\- SEMESTER 6\\- PENGEMBANGAN APLIKASI MOBILE\\TUBES\\backend\\lumenapi2\\vendor\\symfony\\console\\Application.php(971): Illuminate\\Console\\Command->run(Object(Symfony\\Component\\Console\\Input\\ArgvInput), Object(Symfony\\Component\\Console\\Output\\ConsoleOutput))
#24 D:\\KULIAH\\- SEMESTER 6\\- PENGEMBANGAN APLIKASI MOBILE\\TUBES\\backend\\lumenapi2\\vendor\\symfony\\console\\Application.php(290): Symfony\\Component\\Console\\Application->doRunCommand(Object(Illuminate\\Database\\Console\\Migrations\\MigrateCommand), Object(Symfony\\Component\\Console\\Input\\ArgvInput), Object(Symfony\\Component\\Console\\Output\\ConsoleOutput))
#25 D:\\KULIAH\\- SEMESTER 6\\- PENGEMBANGAN APLIKASI MOBILE\\TUBES\\backend\\lumenapi2\\vendor\\symfony\\console\\Application.php(166): Symfony\\Component\\Console\\Application->doRun(Object(Symfony\\Component\\Console\\Input\\ArgvInput), Object(Symfony\\Component\\Console\\Output\\ConsoleOutput))
#26 D:\\KULIAH\\- SEMESTER 6\\- PENGEMBANGAN APLIKASI MOBILE\\TUBES\\backend\\lumenapi2\\vendor\\illuminate\\console\\Application.php(92): Symfony\\Component\\Console\\Application->run(Object(Symfony\\Component\\Console\\Input\\ArgvInput), Object(Symfony\\Component\\Console\\Output\\ConsoleOutput))
#27 D:\\KULIAH\\- SEMESTER 6\\- PENGEMBANGAN APLIKASI MOBILE\\TUBES\\backend\\lumenapi2\\vendor\\laravel\\lumen-framework\\src\\Console\\Kernel.php(116): Illuminate\\Console\\Application->run(Object(Symfony\\Component\\Console\\Input\\ArgvInput), Object(Symfony\\Component\\Console\\Output\\ConsoleOutput))
#28 D:\\KULIAH\\- SEMESTER 6\\- PENGEMBANGAN APLIKASI MOBILE\\TUBES\\backend\\lumenapi2\\artisan(35): Laravel\\Lumen\\Console\\Kernel->handle(Object(Symfony\\Component\\Console\\Input\\ArgvInput), Object(Symfony\\Component\\Console\\Output\\ConsoleOutput))
#29 {main}

[previous exception] [object] (PDOException(code: 42S01): SQLSTATE[42S01]: Base table or view already exists: 1050 Table 'buang_sampahs' already exists at D:\\KULIAH\\- SEMESTER 6\\- PENGEMBANGAN APLIKASI MOBILE\\TUBES\\backend\\lumenapi2\\vendor\\illuminate\\database\\Connection.php:471)
[stacktrace]
#0 D:\\KULIAH\\- SEMESTER 6\\- PENGEMBANGAN APLIKASI MOBILE\\TUBES\\backend\\lumenapi2\\vendor\\illuminate\\database\\Connection.php(471): PDOStatement->execute()
#1 D:\\KULIAH\\- SEMESTER 6\\- PENGEMBANGAN APLIKASI MOBILE\\TUBES\\backend\\lumenapi2\\vendor\\illuminate\\database\\Connection.php(671): Illuminate\\Database\\Connection->Illuminate\\Database\\{closure}('create table `b...', Array)
#2 D:\\KULIAH\\- SEMESTER 6\\- PENGEMBANGAN APLIKASI MOBILE\\TUBES\\backend\\lumenapi2\\vendor\\illuminate\\database\\Connection.php(638): Illuminate\\Database\\Connection->runQueryCallback('create table `b...', Array, Object(Closure))
#3 D:\\KULIAH\\- SEMESTER 6\\- PENGEMBANGAN APLIKASI MOBILE\\TUBES\\backend\\lumenapi2\\vendor\\illuminate\\database\\Connection.php(472): Illuminate\\Database\\Connection->run('create table `b...', Array, Object(Closure))
#4 D:\\KULIAH\\- SEMESTER 6\\- PENGEMBANGAN APLIKASI MOBILE\\TUBES\\backend\\lumenapi2\\vendor\\illuminate\\database\\Schema\\Blueprint.php(109): Illuminate\\Database\\Connection->statement('create table `b...')
#5 D:\\KULIAH\\- SEMESTER 6\\- PENGEMBANGAN APLIKASI MOBILE\\TUBES\\backend\\lumenapi2\\vendor\\illuminate\\database\\Schema\\Builder.php(359): Illuminate\\Database\\Schema\\Blueprint->build(Object(Illuminate\\Database\\MySqlConnection), Object(Illuminate\\Database\\Schema\\Grammars\\MySqlGrammar))
#6 D:\\KULIAH\\- SEMESTER 6\\- PENGEMBANGAN APLIKASI MOBILE\\TUBES\\backend\\lumenapi2\\vendor\\illuminate\\database\\Schema\\Builder.php(222): Illuminate\\Database\\Schema\\Builder->build(Object(Illuminate\\Database\\Schema\\Blueprint))
#7 D:\\KULIAH\\- SEMESTER 6\\- PENGEMBANGAN APLIKASI MOBILE\\TUBES\\backend\\lumenapi2\\vendor\\illuminate\\support\\Facades\\Facade.php(261): Illuminate\\Database\\Schema\\Builder->create('buang_sampahs', Object(Closure))
#8 D:\\KULIAH\\- SEMESTER 6\\- PENGEMBANGAN APLIKASI MOBILE\\TUBES\\backend\\lumenapi2\\database\\migrations\\2021_05_07_125800_create_buang_sampahs_table.php(24): Illuminate\\Support\\Facades\\Facade::__callStatic('create', Array)
#9 D:\\KULIAH\\- SEMESTER 6\\- PENGEMBANGAN APLIKASI MOBILE\\TUBES\\backend\\lumenapi2\\vendor\\illuminate\\database\\Migrations\\Migrator.php(393): CreateBuangSampahsTable->up()
#10 D:\\KULIAH\\- SEMESTER 6\\- PENGEMBANGAN APLIKASI MOBILE\\TUBES\\backend\\lumenapi2\\vendor\\illuminate\\database\\Migrations\\Migrator.php(402): Illuminate\\Database\\Migrations\\Migrator->Illuminate\\Database\\Migrations\\{closure}()
#11 D:\\KULIAH\\- SEMESTER 6\\- PENGEMBANGAN APLIKASI MOBILE\\TUBES\\backend\\lumenapi2\\vendor\\illuminate\\database\\Migrations\\Migrator.php(201): Illuminate\\Database\\Migrations\\Migrator->runMigration(Object(CreateBuangSampahsTable), 'up')
#12 D:\\KULIAH\\- SEMESTER 6\\- PENGEMBANGAN APLIKASI MOBILE\\TUBES\\backend\\lumenapi2\\vendor\\illuminate\\database\\Migrations\\Migrator.php(166): Illuminate\\Database\\Migrations\\Migrator->runUp('D:\\\\KULIAH\\\\- SEM...', 2, false)
#13 D:\\KULIAH\\- SEMESTER 6\\- PENGEMBANGAN APLIKASI MOBILE\\TUBES\\backend\\lumenapi2\\vendor\\illuminate\\database\\Migrations\\Migrator.php(111): Illuminate\\Database\\Migrations\\Migrator->runPending(Array, Array)
#14 D:\\KULIAH\\- SEMESTER 6\\- PENGEMBANGAN APLIKASI MOBILE\\TUBES\\backend\\lumenapi2\\vendor\\illuminate\\database\\Console\\Migrations\\MigrateCommand.php(85): Illuminate\\Database\\Migrations\\Migrator->run(Array, Array)
#15 D:\\KULIAH\\- SEMESTER 6\\- PENGEMBANGAN APLIKASI MOBILE\\TUBES\\backend\\lumenapi2\\vendor\\illuminate\\database\\Migrations\\Migrator.php(576): Illuminate\\Database\\Console\\Migrations\\MigrateCommand->Illuminate\\Database\\Console\\Migrations\\{closure}()
#16 D:\\KULIAH\\- SEMESTER 6\\- PENGEMBANGAN APLIKASI MOBILE\\TUBES\\backend\\lumenapi2\\vendor\\illuminate\\database\\Console\\Migrations\\MigrateCommand.php(94): Illuminate\\Database\\Migrations\\Migrator->usingConnection(NULL, Object(Closure))
#17 D:\\KULIAH\\- SEMESTER 6\\- PENGEMBANGAN APLIKASI MOBILE\\TUBES\\backend\\lumenapi2\\vendor\\illuminate\\container\\BoundMethod.php(36): Illuminate\\Database\\Console\\Migrations\\MigrateCommand->handle()
#18 D:\\KULIAH\\- SEMESTER 6\\- PENGEMBANGAN APLIKASI MOBILE\\TUBES\\backend\\lumenapi2\\vendor\\illuminate\\container\\Util.php(40): Illuminate\\Container\\BoundMethod::Illuminate\\Container\\{closure}()
#19 D:\\KULIAH\\- SEMESTER 6\\- PENGEMBANGAN APLIKASI MOBILE\\TUBES\\backend\\lumenapi2\\vendor\\illuminate\\container\\BoundMethod.php(93): Illuminate\\Container\\Util::unwrapIfClosure(Object(Closure))
#20 D:\\KULIAH\\- SEMESTER 6\\- PENGEMBANGAN APLIKASI MOBILE\\TUBES\\backend\\lumenapi2\\vendor\\illuminate\\container\\BoundMethod.php(37): Illuminate\\Container\\BoundMethod::callBoundMethod(Object(Laravel\\Lumen\\Application), Array, Object(Closure))
#21 D:\\KULIAH\\- SEMESTER 6\\- PENGEMBANGAN APLIKASI MOBILE\\TUBES\\backend\\lumenapi2\\vendor\\illuminate\\container\\Container.php(611): Illuminate\\Container\\BoundMethod::call(Object(Laravel\\Lumen\\Application), Array, Array, NULL)
#22 D:\\KULIAH\\- SEMESTER 6\\- PENGEMBANGAN APLIKASI MOBILE\\TUBES\\backend\\lumenapi2\\vendor\\illuminate\\console\\Command.php(136): Illuminate\\Container\\Container->call(Array)
#23 D:\\KULIAH\\- SEMESTER 6\\- PENGEMBANGAN APLIKASI MOBILE\\TUBES\\backend\\lumenapi2\\vendor\\symfony\\console\\Command\\Command.php(256): Illuminate\\Console\\Command->execute(Object(Symfony\\Component\\Console\\Input\\ArgvInput), Object(Illuminate\\Console\\OutputStyle))
#24 D:\\KULIAH\\- SEMESTER 6\\- PENGEMBANGAN APLIKASI MOBILE\\TUBES\\backend\\lumenapi2\\vendor\\illuminate\\console\\Command.php(121): Symfony\\Component\\Console\\Command\\Command->run(Object(Symfony\\Component\\Console\\Input\\ArgvInput), Object(Illuminate\\Console\\OutputStyle))
#25 D:\\KULIAH\\- SEMESTER 6\\- PENGEMBANGAN APLIKASI MOBILE\\TUBES\\backend\\lumenapi2\\vendor\\symfony\\console\\Application.php(971): Illuminate\\Console\\Command->run(Object(Symfony\\Component\\Console\\Input\\ArgvInput), Object(Symfony\\Component\\Console\\Output\\ConsoleOutput))
#26 D:\\KULIAH\\- SEMESTER 6\\- PENGEMBANGAN APLIKASI MOBILE\\TUBES\\backend\\lumenapi2\\vendor\\symfony\\console\\Application.php(290): Symfony\\Component\\Console\\Application->doRunCommand(Object(Illuminate\\Database\\Console\\Migrations\\MigrateCommand), Object(Symfony\\Component\\Console\\Input\\ArgvInput), Object(Symfony\\Component\\Console\\Output\\ConsoleOutput))
#27 D:\\KULIAH\\- SEMESTER 6\\- PENGEMBANGAN APLIKASI MOBILE\\TUBES\\backend\\lumenapi2\\vendor\\symfony\\console\\Application.php(166): Symfony\\Component\\Console\\Application->doRun(Object(Symfony\\Component\\Console\\Input\\ArgvInput), Object(Symfony\\Component\\Console\\Output\\ConsoleOutput))
#28 D:\\KULIAH\\- SEMESTER 6\\- PENGEMBANGAN APLIKASI MOBILE\\TUBES\\backend\\lumenapi2\\vendor\\illuminate\\console\\Application.php(92): Symfony\\Component\\Console\\Application->run(Object(Symfony\\Component\\Console\\Input\\ArgvInput), Object(Symfony\\Component\\Console\\Output\\ConsoleOutput))
#29 D:\\KULIAH\\- SEMESTER 6\\- PENGEMBANGAN APLIKASI MOBILE\\TUBES\\backend\\lumenapi2\\vendor\\laravel\\lumen-framework\\src\\Console\\Kernel.php(116): Illuminate\\Console\\Application->run(Object(Symfony\\Component\\Console\\Input\\ArgvInput), Object(Symfony\\Component\\Console\\Output\\ConsoleOutput))
#30 D:\\KULIAH\\- SEMESTER 6\\- PENGEMBANGAN APLIKASI MOBILE\\TUBES\\backend\\lumenapi2\\artisan(35): Laravel\\Lumen\\Console\\Kernel->handle(Object(Symfony\\Component\\Console\\Input\\ArgvInput), Object(Symfony\\Component\\Console\\Output\\ConsoleOutput))
#31 {main}
"} 
