[2021-05-07 10:27:27] local.ERROR: There are no commands defined in the "key" namespace. {"exception":"[object] (Symfony\\Component\\Console\\Exception\\NamespaceNotFoundException(code: 0): There are no commands defined in the \"key\" namespace. at D:\\KULIAH\\- SEMESTER 6\\- PENGEMBANGAN APLIKASI MOBILE\\TUBES\\backend\\lumenapi2\\vendor\\symfony\\console\\Application.php:605)
[stacktrace]
#0 D:\\KULIAH\\- SEMESTER 6\\- PENGEMBANGAN APLIKASI MOBILE\\TUBES\\backend\\lumenapi2\\vendor\\symfony\\console\\Application.php(656): Symfony\\Component\\Console\\Application->findNamespace('key')
#1 D:\\KULIAH\\- SEMESTER 6\\- PENGEMBANGAN APLIKASI MOBILE\\TUBES\\backend\\lumenapi2\\vendor\\symfony\\console\\Application.php(254): Symfony\\Component\\Console\\Application->find('key:generate')
#2 D:\\KULIAH\\- SEMESTER 6\\- PENGEMBANGAN APLIKASI MOBILE\\TUBES\\backend\\lumenapi2\\vendor\\symfony\\console\\Application.php(166): Symfony\\Component\\Console\\Application->doRun(Object(Symfony\\Component\\Console\\Input\\ArgvInput), Object(Symfony\\Component\\Console\\Output\\ConsoleOutput))
#3 D:\\KULIAH\\- SEMESTER 6\\- PENGEMBANGAN APLIKASI MOBILE\\TUBES\\backend\\lumenapi2\\vendor\\illuminate\\console\\Application.php(92): Symfony\\Component\\Console\\Application->run(Object(Symfony\\Component\\Console\\Input\\ArgvInput), Object(Symfony\\Component\\Console\\Output\\ConsoleOutput))
#4 D:\\KULIAH\\- SEMESTER 6\\- PENGEMBANGAN APLIKASI MOBILE\\TUBES\\backend\\lumenapi2\\vendor\\laravel\\lumen-framework\\src\\Console\\Kernel.php(116): Illuminate\\Console\\Application->run(Object(Symfony\\Component\\Console\\Input\\ArgvInput), Object(Symfony\\Component\\Console\\Output\\ConsoleOutput))
#5 D:\\KULIAH\\- SEMESTER 6\\- PENGEMBANGAN APLIKASI MOBILE\\TUBES\\backend\\lumenapi2\\artisan(35): Laravel\\Lumen\\Console\\Kernel->handle(Object(Symfony\\Component\\Console\\Input\\ArgvInput), Object(Symfony\\Component\\Console\\Output\\ConsoleOutput))
#6 {main}
"} 
[2021-05-07 12:54:05] local.ERROR: Command "miigrate" is not defined.

Did you mean one of these?
    migrate
    migrate:fresh
    migrate:install
    migrate:refresh
    migrate:reset
    migrate:rollback
    migrate:status {"exception":"[object] (Symfony\\Component\\Console\\Exception\\CommandNotFoundException(code: 0): Command \"miigrate\" is not defined.

Did you mean one of these?
    migrate
    migrate:fresh
    migrate:install
    migrate:refresh
    migrate:reset
    migrate:rollback
    migrate:status at D:\\KULIAH\\- SEMESTER 6\\- PENGEMBANGAN APLIKASI MOBILE\\TUBES\\backend\\lumenapi2\\vendor\\symfony\\console\\Application.php:675)
[stacktrace]
#0 D:\\KULIAH\\- SEMESTER 6\\- PENGEMBANGAN APLIKASI MOBILE\\TUBES\\backend\\lumenapi2\\vendor\\symfony\\console\\Application.php(254): Symfony\\Component\\Console\\Application->find('miigrate')
#1 D:\\KULIAH\\- SEMESTER 6\\- PENGEMBANGAN APLIKASI MOBILE\\TUBES\\backend\\lumenapi2\\vendor\\symfony\\console\\Application.php(166): Symfony\\Component\\Console\\Application->doRun(Object(Symfony\\Component\\Console\\Input\\ArgvInput), Object(Symfony\\Component\\Console\\Output\\ConsoleOutput))
#2 D:\\KULIAH\\- SEMESTER 6\\- PENGEMBANGAN APLIKASI MOBILE\\TUBES\\backend\\lumenapi2\\vendor\\illuminate\\console\\Application.php(92): Symfony\\Component\\Console\\Application->run(Object(Symfony\\Component\\Console\\Input\\ArgvInput), Object(Symfony\\Component\\Console\\Output\\ConsoleOutput))
#3 D:\\KULIAH\\- SEMESTER 6\\- PENGEMBANGAN APLIKASI MOBILE\\TUBES\\backend\\lumenapi2\\vendor\\laravel\\lumen-framework\\src\\Console\\Kernel.php(116): Illuminate\\Console\\Application->run(Object(Symfony\\Component\\Console\\Input\\ArgvInput), Object(Symfony\\Component\\Console\\Output\\ConsoleOutput))
#4 D:\\KULIAH\\- SEMESTER 6\\- PENGEMBANGAN APLIKASI MOBILE\\TUBES\\backend\\lumenapi2\\artisan(35): Laravel\\Lumen\\Console\\Kernel->handle(Object(Symfony\\Component\\Console\\Input\\ArgvInput), Object(Symfony\\Component\\Console\\Output\\ConsoleOutput))
#5 {main}
"} 
